sample.interval=20000
"strsplit" "summaryRprof" "eval" "eval" "withVisible" "withCallingHandlers" "handle" "evaluate_call" "<Anonymous>" "in_dir" "block_exec" "call_block" "process_group.block" "process_group" "withCallingHandlers" "process_file" "<Anonymous>" "<Anonymous>" 
"options" "match" "%in%" "getOption" "<Anonymous>" "do.call" "doTryCatch" "tryCatchOne" "tryCatchList" "tryCatch" "try" "try_silent" "block_exec" "call_block" "process_group.block" "process_group" "withCallingHandlers" "process_file" "<Anonymous>" "<Anonymous>" 
"gc" "system.time" "eval" "eval" "withVisible" "withCallingHandlers" "handle" "evaluate_call" "<Anonymous>" "in_dir" "block_exec" "call_block" "process_group.block" "process_group" "withCallingHandlers" "process_file" "<Anonymous>" "<Anonymous>" 
"gc" "system.time" "eval" "eval" "withVisible" "withCallingHandlers" "handle" "evaluate_call" "<Anonymous>" "in_dir" "block_exec" "call_block" "process_group.block" "process_group" "withCallingHandlers" "process_file" "<Anonymous>" "<Anonymous>" 
"c" "system.time" "eval" "eval" "withVisible" "withCallingHandlers" "handle" "evaluate_call" "<Anonymous>" "in_dir" "block_exec" "call_block" "process_group.block" "process_group" "withCallingHandlers" "process_file" "<Anonymous>" "<Anonymous>" 
"c" "system.time" "eval" "eval" "withVisible" "withCallingHandlers" "handle" "evaluate_call" "<Anonymous>" "in_dir" "block_exec" "call_block" "process_group.block" "process_group" "withCallingHandlers" "process_file" "<Anonymous>" "<Anonymous>" 
"c" "system.time" "eval" "eval" "withVisible" "withCallingHandlers" "handle" "evaluate_call" "<Anonymous>" "in_dir" "block_exec" "call_block" "process_group.block" "process_group" "withCallingHandlers" "process_file" "<Anonymous>" "<Anonymous>" 
"c" "system.time" "eval" "eval" "withVisible" "withCallingHandlers" "handle" "evaluate_call" "<Anonymous>" "in_dir" "block_exec" "call_block" "process_group.block" "process_group" "withCallingHandlers" "process_file" "<Anonymous>" "<Anonymous>" 
"c" "system.time" "eval" "eval" "withVisible" "withCallingHandlers" "handle" "evaluate_call" "<Anonymous>" "in_dir" "block_exec" "call_block" "process_group.block" "process_group" "withCallingHandlers" "process_file" "<Anonymous>" "<Anonymous>" 
"c" "system.time" "eval" "eval" "withVisible" "withCallingHandlers" "handle" "evaluate_call" "<Anonymous>" "in_dir" "block_exec" "call_block" "process_group.block" "process_group" "withCallingHandlers" "process_file" "<Anonymous>" "<Anonymous>" 
"c" "system.time" "eval" "eval" "withVisible" "withCallingHandlers" "handle" "evaluate_call" "<Anonymous>" "in_dir" "block_exec" "call_block" "process_group.block" "process_group" "withCallingHandlers" "process_file" "<Anonymous>" "<Anonymous>" 
"c" "system.time" "eval" "eval" "withVisible" "withCallingHandlers" "handle" "evaluate_call" "<Anonymous>" "in_dir" "block_exec" "call_block" "process_group.block" "process_group" "withCallingHandlers" "process_file" "<Anonymous>" "<Anonymous>" 
"c" "system.time" "eval" "eval" "withVisible" "withCallingHandlers" "handle" "evaluate_call" "<Anonymous>" "in_dir" "block_exec" "call_block" "process_group.block" "process_group" "withCallingHandlers" "process_file" "<Anonymous>" "<Anonymous>" 
"c" "system.time" "eval" "eval" "withVisible" "withCallingHandlers" "handle" "evaluate_call" "<Anonymous>" "in_dir" "block_exec" "call_block" "process_group.block" "process_group" "withCallingHandlers" "process_file" "<Anonymous>" "<Anonymous>" 
"c" "system.time" "eval" "eval" "withVisible" "withCallingHandlers" "handle" "evaluate_call" "<Anonymous>" "in_dir" "block_exec" "call_block" "process_group.block" "process_group" "withCallingHandlers" "process_file" "<Anonymous>" "<Anonymous>" 
"gc" "system.time" "eval" "eval" "withVisible" "withCallingHandlers" "handle" "evaluate_call" "<Anonymous>" "in_dir" "block_exec" "call_block" "process_group.block" "process_group" "withCallingHandlers" "process_file" "<Anonymous>" "<Anonymous>" 
"runif" "system.time" "eval" "eval" "withVisible" "withCallingHandlers" "handle" "evaluate_call" "<Anonymous>" "in_dir" "block_exec" "call_block" "process_group.block" "process_group" "withCallingHandlers" "process_file" "<Anonymous>" "<Anonymous>" 
"proc.time" "system.time" "eval" "eval" "withVisible" "withCallingHandlers" "handle" "evaluate_call" "<Anonymous>" "in_dir" "block_exec" "call_block" "process_group.block" "process_group" "withCallingHandlers" "process_file" "<Anonymous>" "<Anonymous>" 
"gc" "system.time" "eval" "eval" "withVisible" "withCallingHandlers" "handle" "evaluate_call" "<Anonymous>" "in_dir" "block_exec" "call_block" "process_group.block" "process_group" "withCallingHandlers" "process_file" "<Anonymous>" "<Anonymous>" 
"file.exists" "loadNamespace" "namespaceImport" "loadNamespace" "asNamespace" "namespaceImportFrom" "loadNamespace" "doTryCatch" "tryCatchOne" "tryCatchList" "tryCatch" "try" "library" "eval" "eval" "withVisible" "withCallingHandlers" "handle" "evaluate_call" "<Anonymous>" "in_dir" "block_exec" "call_block" "process_group.block" "process_group" "withCallingHandlers" "process_file" "<Anonymous>" "<Anonymous>" 
"match" "%in%" "importIntoEnv" "namespaceImportFrom" "namespaceImport" "loadNamespace" "asNamespace" "namespaceImportFrom" "loadNamespace" "doTryCatch" "tryCatchOne" "tryCatchList" "tryCatch" "try" "library" "eval" "eval" "withVisible" "withCallingHandlers" "handle" "evaluate_call" "<Anonymous>" "in_dir" "block_exec" "call_block" "process_group.block" "process_group" "withCallingHandlers" "process_file" "<Anonymous>" "<Anonymous>" 
"lazyLoadDBfetch" "as" "body<-" "standardGeneric" "body<-" "makeGeneric" "implicitGeneric" ".genericOrImplicit" "<Anonymous>" "loadNamespace" "asNamespace" "namespaceImportFrom" "loadNamespace" "namespaceImport" "loadNamespace" "asNamespace" "namespaceImportFrom" "loadNamespace" "doTryCatch" "tryCatchOne" "tryCatchList" "tryCatch" "try" "library" "eval" "eval" "withVisible" "withCallingHandlers" "handle" "evaluate_call" "<Anonymous>" "in_dir" "block_exec" "call_block" "process_group.block" "process_group" "withCallingHandlers" "process_file" "<Anonymous>" "<Anonymous>" 
"lazyLoadDBfetch" "<Anonymous>" "lazyLoadDBfetch" "<Anonymous>" "lazyLoadDBfetch" "<Anonymous>" "lazyLoadDBfetch" ".updateMethodsInTable" "<Anonymous>" "loadNamespace" "asNamespace" "namespaceImportFrom" "loadNamespace" "namespaceImport" "loadNamespace" "asNamespace" "namespaceImportFrom" "loadNamespace" "doTryCatch" "tryCatchOne" "tryCatchList" "tryCatch" "try" "library" "eval" "eval" "withVisible" "withCallingHandlers" "handle" "evaluate_call" "<Anonymous>" "in_dir" "block_exec" "call_block" "process_group.block" "process_group" "withCallingHandlers" "process_file" "<Anonymous>" "<Anonymous>" 
"getClassDef" "is" ".recMembers" "getGroupMembers" ".checkGroupSigLength" "Recall" ".checkGroupSigLength" ".updateMethodsInTable" ".updateMethodsInTable" ".updateMethodsInTable" "<Anonymous>" "loadNamespace" "asNamespace" "namespaceImportFrom" "loadNamespace" "namespaceImport" "loadNamespace" "asNamespace" "namespaceImportFrom" "loadNamespace" "doTryCatch" "tryCatchOne" "tryCatchList" "tryCatch" "try" "library" "eval" "eval" "withVisible" "withCallingHandlers" "handle" "evaluate_call" "<Anonymous>" "in_dir" "block_exec" "call_block" "process_group.block" "process_group" "withCallingHandlers" "process_file" "<Anonymous>" "<Anonymous>" 
"isBaseNamespace" "lastEnv" "<Anonymous>" "loadNamespace" "asNamespace" "namespaceImportFrom" "loadNamespace" "namespaceImport" "loadNamespace" "asNamespace" "namespaceImportFrom" "loadNamespace" "doTryCatch" "tryCatchOne" "tryCatchList" "tryCatch" "try" "library" "eval" "eval" "withVisible" "withCallingHandlers" "handle" "evaluate_call" "<Anonymous>" "in_dir" "block_exec" "call_block" "process_group.block" "process_group" "withCallingHandlers" "process_file" "<Anonymous>" "<Anonymous>" 
"file.exists" "loadNamespace" "namespaceImport" "loadNamespace" "asNamespace" "namespaceImportFrom" "loadNamespace" "namespaceImport" "loadNamespace" "asNamespace" "namespaceImportFrom" "loadNamespace" "doTryCatch" "tryCatchOne" "tryCatchList" "tryCatch" "try" "library" "eval" "eval" "withVisible" "withCallingHandlers" "handle" "evaluate_call" "<Anonymous>" "in_dir" "block_exec" "call_block" "process_group.block" "process_group" "withCallingHandlers" "process_file" "<Anonymous>" "<Anonymous>" 
"file.exists" "find.package" "loadNamespace" "asNamespace" "namespaceImportFrom" "loadNamespace" "asNamespace" "namespaceImportFrom" "loadNamespace" "doTryCatch" "tryCatchOne" "tryCatchList" "tryCatch" "try" "library" "eval" "eval" "withVisible" "withCallingHandlers" "handle" "evaluate_call" "<Anonymous>" "in_dir" "block_exec" "call_block" "process_group.block" "process_group" "withCallingHandlers" "process_file" "<Anonymous>" "<Anonymous>" 
"FUN" "lapply" "unlist" ".getGenerics" "<Anonymous>" "loadNamespace" "asNamespace" "namespaceImportFrom" "loadNamespace" "doTryCatch" "tryCatchOne" "tryCatchList" "tryCatch" "try" "library" "eval" "eval" "withVisible" "withCallingHandlers" "handle" "evaluate_call" "<Anonymous>" "in_dir" "block_exec" "call_block" "process_group.block" "process_group" "withCallingHandlers" "process_file" "<Anonymous>" "<Anonymous>" 
"lazyLoadDBfetch" "eval" "eval" "withVisible" "withCallingHandlers" "handle" "evaluate_call" "<Anonymous>" "in_dir" "block_exec" "call_block" "process_group.block" "process_group" "withCallingHandlers" "process_file" "<Anonymous>" "<Anonymous>" 
"gc" "microbenchmark" "eval" "eval" "withVisible" "withCallingHandlers" "handle" "evaluate_call" "<Anonymous>" "in_dir" "block_exec" "call_block" "process_group.block" "process_group" "withCallingHandlers" "process_file" "<Anonymous>" "<Anonymous>" 
"microbenchmark" "eval" "eval" "withVisible" "withCallingHandlers" "handle" "evaluate_call" "<Anonymous>" "in_dir" "block_exec" "call_block" "process_group.block" "process_group" "withCallingHandlers" "process_file" "<Anonymous>" "<Anonymous>" 
"microbenchmark" "eval" "eval" "withVisible" "withCallingHandlers" "handle" "evaluate_call" "<Anonymous>" "in_dir" "block_exec" "call_block" "process_group.block" "process_group" "withCallingHandlers" "process_file" "<Anonymous>" "<Anonymous>" 
"microbenchmark" "eval" "eval" "withVisible" "withCallingHandlers" "handle" "evaluate_call" "<Anonymous>" "in_dir" "block_exec" "call_block" "process_group.block" "process_group" "withCallingHandlers" "process_file" "<Anonymous>" "<Anonymous>" 
"microbenchmark" "eval" "eval" "withVisible" "withCallingHandlers" "handle" "evaluate_call" "<Anonymous>" "in_dir" "block_exec" "call_block" "process_group.block" "process_group" "withCallingHandlers" "process_file" "<Anonymous>" "<Anonymous>" 
"microbenchmark" "eval" "eval" "withVisible" "withCallingHandlers" "handle" "evaluate_call" "<Anonymous>" "in_dir" "block_exec" "call_block" "process_group.block" "process_group" "withCallingHandlers" "process_file" "<Anonymous>" "<Anonymous>" 
"microbenchmark" "eval" "eval" "withVisible" "withCallingHandlers" "handle" "evaluate_call" "<Anonymous>" "in_dir" "block_exec" "call_block" "process_group.block" "process_group" "withCallingHandlers" "process_file" "<Anonymous>" "<Anonymous>" 
"microbenchmark" "eval" "eval" "withVisible" "withCallingHandlers" "handle" "evaluate_call" "<Anonymous>" "in_dir" "block_exec" "call_block" "process_group.block" "process_group" "withCallingHandlers" "process_file" "<Anonymous>" "<Anonymous>" 
"microbenchmark" "eval" "eval" "withVisible" "withCallingHandlers" "handle" "evaluate_call" "<Anonymous>" "in_dir" "block_exec" "call_block" "process_group.block" "process_group" "withCallingHandlers" "process_file" "<Anonymous>" "<Anonymous>" 
"runif" "microbenchmark" "eval" "eval" "withVisible" "withCallingHandlers" "handle" "evaluate_call" "<Anonymous>" "in_dir" "block_exec" "call_block" "process_group.block" "process_group" "withCallingHandlers" "process_file" "<Anonymous>" "<Anonymous>" 
"microbenchmark" "eval" "eval" "withVisible" "withCallingHandlers" "handle" "evaluate_call" "<Anonymous>" "in_dir" "block_exec" "call_block" "process_group.block" "process_group" "withCallingHandlers" "process_file" "<Anonymous>" "<Anonymous>" 
"microbenchmark" "eval" "eval" "withVisible" "withCallingHandlers" "handle" "evaluate_call" "<Anonymous>" "in_dir" "block_exec" "call_block" "process_group.block" "process_group" "withCallingHandlers" "process_file" "<Anonymous>" "<Anonymous>" 
"microbenchmark" "eval" "eval" "withVisible" "withCallingHandlers" "handle" "evaluate_call" "<Anonymous>" "in_dir" "block_exec" "call_block" "process_group.block" "process_group" "withCallingHandlers" "process_file" "<Anonymous>" "<Anonymous>" 
"c" "microbenchmark" "eval" "eval" "withVisible" "withCallingHandlers" "handle" "evaluate_call" "<Anonymous>" "in_dir" "block_exec" "call_block" "process_group.block" "process_group" "withCallingHandlers" "process_file" "<Anonymous>" "<Anonymous>" 
"runif" "microbenchmark" "eval" "eval" "withVisible" "withCallingHandlers" "handle" "evaluate_call" "<Anonymous>" "in_dir" "block_exec" "call_block" "process_group.block" "process_group" "withCallingHandlers" "process_file" "<Anonymous>" "<Anonymous>" 
"microbenchmark" "eval" "eval" "withVisible" "withCallingHandlers" "handle" "evaluate_call" "<Anonymous>" "in_dir" "block_exec" "call_block" "process_group.block" "process_group" "withCallingHandlers" "process_file" "<Anonymous>" "<Anonymous>" 
"runif" "microbenchmark" "eval" "eval" "withVisible" "withCallingHandlers" "handle" "evaluate_call" "<Anonymous>" "in_dir" "block_exec" "call_block" "process_group.block" "process_group" "withCallingHandlers" "process_file" "<Anonymous>" "<Anonymous>" 
"runif" "microbenchmark" "eval" "eval" "withVisible" "withCallingHandlers" "handle" "evaluate_call" "<Anonymous>" "in_dir" "block_exec" "call_block" "process_group.block" "process_group" "withCallingHandlers" "process_file" "<Anonymous>" "<Anonymous>" 
"microbenchmark" "eval" "eval" "withVisible" "withCallingHandlers" "handle" "evaluate_call" "<Anonymous>" "in_dir" "block_exec" "call_block" "process_group.block" "process_group" "withCallingHandlers" "process_file" "<Anonymous>" "<Anonymous>" 
"runif" "microbenchmark" "eval" "eval" "withVisible" "withCallingHandlers" "handle" "evaluate_call" "<Anonymous>" "in_dir" "block_exec" "call_block" "process_group.block" "process_group" "withCallingHandlers" "process_file" "<Anonymous>" "<Anonymous>" 
"c" "microbenchmark" "eval" "eval" "withVisible" "withCallingHandlers" "handle" "evaluate_call" "<Anonymous>" "in_dir" "block_exec" "call_block" "process_group.block" "process_group" "withCallingHandlers" "process_file" "<Anonymous>" "<Anonymous>" 
"microbenchmark" "eval" "eval" "withVisible" "withCallingHandlers" "handle" "evaluate_call" "<Anonymous>" "in_dir" "block_exec" "call_block" "process_group.block" "process_group" "withCallingHandlers" "process_file" "<Anonymous>" "<Anonymous>" 
"c" "microbenchmark" "eval" "eval" "withVisible" "withCallingHandlers" "handle" "evaluate_call" "<Anonymous>" "in_dir" "block_exec" "call_block" "process_group.block" "process_group" "withCallingHandlers" "process_file" "<Anonymous>" "<Anonymous>" 
"microbenchmark" "eval" "eval" "withVisible" "withCallingHandlers" "handle" "evaluate_call" "<Anonymous>" "in_dir" "block_exec" "call_block" "process_group.block" "process_group" "withCallingHandlers" "process_file" "<Anonymous>" "<Anonymous>" 
"c" "microbenchmark" "eval" "eval" "withVisible" "withCallingHandlers" "handle" "evaluate_call" "<Anonymous>" "in_dir" "block_exec" "call_block" "process_group.block" "process_group" "withCallingHandlers" "process_file" "<Anonymous>" "<Anonymous>" 
"runif" "microbenchmark" "eval" "eval" "withVisible" "withCallingHandlers" "handle" "evaluate_call" "<Anonymous>" "in_dir" "block_exec" "call_block" "process_group.block" "process_group" "withCallingHandlers" "process_file" "<Anonymous>" "<Anonymous>" 
"runif" "microbenchmark" "eval" "eval" "withVisible" "withCallingHandlers" "handle" "evaluate_call" "<Anonymous>" "in_dir" "block_exec" "call_block" "process_group.block" "process_group" "withCallingHandlers" "process_file" "<Anonymous>" "<Anonymous>" 
"c" "microbenchmark" "eval" "eval" "withVisible" "withCallingHandlers" "handle" "evaluate_call" "<Anonymous>" "in_dir" "block_exec" "call_block" "process_group.block" "process_group" "withCallingHandlers" "process_file" "<Anonymous>" "<Anonymous>" 
"c" "microbenchmark" "eval" "eval" "withVisible" "withCallingHandlers" "handle" "evaluate_call" "<Anonymous>" "in_dir" "block_exec" "call_block" "process_group.block" "process_group" "withCallingHandlers" "process_file" "<Anonymous>" "<Anonymous>" 
"c" "microbenchmark" "eval" "eval" "withVisible" "withCallingHandlers" "handle" "evaluate_call" "<Anonymous>" "in_dir" "block_exec" "call_block" "process_group.block" "process_group" "withCallingHandlers" "process_file" "<Anonymous>" "<Anonymous>" 
"microbenchmark" "eval" "eval" "withVisible" "withCallingHandlers" "handle" "evaluate_call" "<Anonymous>" "in_dir" "block_exec" "call_block" "process_group.block" "process_group" "withCallingHandlers" "process_file" "<Anonymous>" "<Anonymous>" 
"runif" "microbenchmark" "eval" "eval" "withVisible" "withCallingHandlers" "handle" "evaluate_call" "<Anonymous>" "in_dir" "block_exec" "call_block" "process_group.block" "process_group" "withCallingHandlers" "process_file" "<Anonymous>" "<Anonymous>" 
"c" "microbenchmark" "eval" "eval" "withVisible" "withCallingHandlers" "handle" "evaluate_call" "<Anonymous>" "in_dir" "block_exec" "call_block" "process_group.block" "process_group" "withCallingHandlers" "process_file" "<Anonymous>" "<Anonymous>" 
"microbenchmark" "eval" "eval" "withVisible" "withCallingHandlers" "handle" "evaluate_call" "<Anonymous>" "in_dir" "block_exec" "call_block" "process_group.block" "process_group" "withCallingHandlers" "process_file" "<Anonymous>" "<Anonymous>" 
"microbenchmark" "eval" "eval" "withVisible" "withCallingHandlers" "handle" "evaluate_call" "<Anonymous>" "in_dir" "block_exec" "call_block" "process_group.block" "process_group" "withCallingHandlers" "process_file" "<Anonymous>" "<Anonymous>" 
"runif" "microbenchmark" "eval" "eval" "withVisible" "withCallingHandlers" "handle" "evaluate_call" "<Anonymous>" "in_dir" "block_exec" "call_block" "process_group.block" "process_group" "withCallingHandlers" "process_file" "<Anonymous>" "<Anonymous>" 
"runif" "microbenchmark" "eval" "eval" "withVisible" "withCallingHandlers" "handle" "evaluate_call" "<Anonymous>" "in_dir" "block_exec" "call_block" "process_group.block" "process_group" "withCallingHandlers" "process_file" "<Anonymous>" "<Anonymous>" 
"c" "microbenchmark" "eval" "eval" "withVisible" "withCallingHandlers" "handle" "evaluate_call" "<Anonymous>" "in_dir" "block_exec" "call_block" "process_group.block" "process_group" "withCallingHandlers" "process_file" "<Anonymous>" "<Anonymous>" 
"microbenchmark" "eval" "eval" "withVisible" "withCallingHandlers" "handle" "evaluate_call" "<Anonymous>" "in_dir" "block_exec" "call_block" "process_group.block" "process_group" "withCallingHandlers" "process_file" "<Anonymous>" "<Anonymous>" 
"c" "microbenchmark" "eval" "eval" "withVisible" "withCallingHandlers" "handle" "evaluate_call" "<Anonymous>" "in_dir" "block_exec" "call_block" "process_group.block" "process_group" "withCallingHandlers" "process_file" "<Anonymous>" "<Anonymous>" 
"c" "microbenchmark" "eval" "eval" "withVisible" "withCallingHandlers" "handle" "evaluate_call" "<Anonymous>" "in_dir" "block_exec" "call_block" "process_group.block" "process_group" "withCallingHandlers" "process_file" "<Anonymous>" "<Anonymous>" 
"runif" "microbenchmark" "eval" "eval" "withVisible" "withCallingHandlers" "handle" "evaluate_call" "<Anonymous>" "in_dir" "block_exec" "call_block" "process_group.block" "process_group" "withCallingHandlers" "process_file" "<Anonymous>" "<Anonymous>" 
"microbenchmark" "eval" "eval" "withVisible" "withCallingHandlers" "handle" "evaluate_call" "<Anonymous>" "in_dir" "block_exec" "call_block" "process_group.block" "process_group" "withCallingHandlers" "process_file" "<Anonymous>" "<Anonymous>" 
"c" "microbenchmark" "eval" "eval" "withVisible" "withCallingHandlers" "handle" "evaluate_call" "<Anonymous>" "in_dir" "block_exec" "call_block" "process_group.block" "process_group" "withCallingHandlers" "process_file" "<Anonymous>" "<Anonymous>" 
"file.exists" "find.package" "loadNamespace" "doTryCatch" "tryCatchOne" "tryCatchList" "tryCatch" "requireNamespace" "summary.microbenchmark" "summary" "print.microbenchmark" "print" "normal_print" "knit_print.default" "fun" "value_fun" "withVisible" "withCallingHandlers" "handle" "evaluate_call" "<Anonymous>" "in_dir" "block_exec" "call_block" "process_group.block" "process_group" "withCallingHandlers" "process_file" "<Anonymous>" "<Anonymous>" 
"valid.units" "valid.unit" "unit" "is.unit" "textGrob" ".defaultLatticeOptions" "lattice.options" "fun" "doTryCatch" "tryCatchOne" "tryCatchList" "tryCatch" "runHook" "loadNamespace" "namespaceImport" "loadNamespace" "namespaceImport" "loadNamespace" "asNamespace" "namespaceImportFrom" "loadNamespace" "doTryCatch" "tryCatchOne" "tryCatchList" "tryCatch" "requireNamespace" "summary.microbenchmark" "summary" "print.microbenchmark" "print" "normal_print" "knit_print.default" "fun" "value_fun" "withVisible" "withCallingHandlers" "handle" "evaluate_call" "<Anonymous>" "in_dir" "block_exec" "call_block" "process_group.block" "process_group" "withCallingHandlers" "process_file" "<Anonymous>" "<Anonymous>" 
"file.exists" "loadNamespace" "namespaceImport" "loadNamespace" "doTryCatch" "tryCatchOne" "tryCatchList" "tryCatch" "requireNamespace" "summary.microbenchmark" "summary" "print.microbenchmark" "print" "normal_print" "knit_print.default" "fun" "value_fun" "withVisible" "withCallingHandlers" "handle" "evaluate_call" "<Anonymous>" "in_dir" "block_exec" "call_block" "process_group.block" "process_group" "withCallingHandlers" "process_file" "<Anonymous>" "<Anonymous>" 
"file.exists" "loadNamespace" "doTryCatch" "tryCatchOne" "tryCatchList" "tryCatch" "requireNamespace" "summary.microbenchmark" "summary" "print.microbenchmark" "print" "normal_print" "knit_print.default" "fun" "value_fun" "withVisible" "withCallingHandlers" "handle" "evaluate_call" "<Anonymous>" "in_dir" "block_exec" "call_block" "process_group.block" "process_group" "withCallingHandlers" "process_file" "<Anonymous>" "<Anonymous>" 
".C" "probval.GenzBretz" "probval" "mvt" "pmvt" "pfct" "<Anonymous>" "test" "summary.glht" "summary" "cld" "cld.glht" "<Anonymous>" "doTryCatch" "tryCatchOne" "tryCatchList" "tryCatch" "summary.microbenchmark" "summary" "print.microbenchmark" "print" "normal_print" "knit_print.default" "fun" "value_fun" "withVisible" "withCallingHandlers" "handle" "evaluate_call" "<Anonymous>" "in_dir" "block_exec" "call_block" "process_group.block" "process_group" "withCallingHandlers" "process_file" "<Anonymous>" "<Anonymous>" 
"cat" "print.block" "print" "call_block" "process_group.block" "process_group" "withCallingHandlers" "process_file" "<Anonymous>" "<Anonymous>" 
"gc" "system.time" "eval" "eval" "withVisible" "withCallingHandlers" "handle" "evaluate_call" "<Anonymous>" "in_dir" "block_exec" "call_block" "process_group.block" "process_group" "withCallingHandlers" "process_file" "<Anonymous>" "<Anonymous>" 
"gc" "system.time" "eval" "eval" "withVisible" "withCallingHandlers" "handle" "evaluate_call" "<Anonymous>" "in_dir" "block_exec" "call_block" "process_group.block" "process_group" "withCallingHandlers" "process_file" "<Anonymous>" "<Anonymous>" 
"system.time" "eval" "eval" "withVisible" "withCallingHandlers" "handle" "evaluate_call" "<Anonymous>" "in_dir" "block_exec" "call_block" "process_group.block" "process_group" "withCallingHandlers" "process_file" "<Anonymous>" "<Anonymous>" 
"system.time" "eval" "eval" "withVisible" "withCallingHandlers" "handle" "evaluate_call" "<Anonymous>" "in_dir" "block_exec" "call_block" "process_group.block" "process_group" "withCallingHandlers" "process_file" "<Anonymous>" "<Anonymous>" 
"system.time" "eval" "eval" "withVisible" "withCallingHandlers" "handle" "evaluate_call" "<Anonymous>" "in_dir" "block_exec" "call_block" "process_group.block" "process_group" "withCallingHandlers" "process_file" "<Anonymous>" "<Anonymous>" 
"system.time" "eval" "eval" "withVisible" "withCallingHandlers" "handle" "evaluate_call" "<Anonymous>" "in_dir" "block_exec" "call_block" "process_group.block" "process_group" "withCallingHandlers" "process_file" "<Anonymous>" "<Anonymous>" 
"system.time" "eval" "eval" "withVisible" "withCallingHandlers" "handle" "evaluate_call" "<Anonymous>" "in_dir" "block_exec" "call_block" "process_group.block" "process_group" "withCallingHandlers" "process_file" "<Anonymous>" "<Anonymous>" 
"system.time" "eval" "eval" "withVisible" "withCallingHandlers" "handle" "evaluate_call" "<Anonymous>" "in_dir" "block_exec" "call_block" "process_group.block" "process_group" "withCallingHandlers" "process_file" "<Anonymous>" "<Anonymous>" 
"system.time" "eval" "eval" "withVisible" "withCallingHandlers" "handle" "evaluate_call" "<Anonymous>" "in_dir" "block_exec" "call_block" "process_group.block" "process_group" "withCallingHandlers" "process_file" "<Anonymous>" "<Anonymous>" 
"system.time" "eval" "eval" "withVisible" "withCallingHandlers" "handle" "evaluate_call" "<Anonymous>" "in_dir" "block_exec" "call_block" "process_group.block" "process_group" "withCallingHandlers" "process_file" "<Anonymous>" "<Anonymous>" 
"system.time" "eval" "eval" "withVisible" "withCallingHandlers" "handle" "evaluate_call" "<Anonymous>" "in_dir" "block_exec" "call_block" "process_group.block" "process_group" "withCallingHandlers" "process_file" "<Anonymous>" "<Anonymous>" 
"system.time" "eval" "eval" "withVisible" "withCallingHandlers" "handle" "evaluate_call" "<Anonymous>" "in_dir" "block_exec" "call_block" "process_group.block" "process_group" "withCallingHandlers" "process_file" "<Anonymous>" "<Anonymous>" 
"system.time" "eval" "eval" "withVisible" "withCallingHandlers" "handle" "evaluate_call" "<Anonymous>" "in_dir" "block_exec" "call_block" "process_group.block" "process_group" "withCallingHandlers" "process_file" "<Anonymous>" "<Anonymous>" 
"system.time" "eval" "eval" "withVisible" "withCallingHandlers" "handle" "evaluate_call" "<Anonymous>" "in_dir" "block_exec" "call_block" "process_group.block" "process_group" "withCallingHandlers" "process_file" "<Anonymous>" "<Anonymous>" 
"system.time" "eval" "eval" "withVisible" "withCallingHandlers" "handle" "evaluate_call" "<Anonymous>" "in_dir" "block_exec" "call_block" "process_group.block" "process_group" "withCallingHandlers" "process_file" "<Anonymous>" "<Anonymous>" 
"system.time" "eval" "eval" "withVisible" "withCallingHandlers" "handle" "evaluate_call" "<Anonymous>" "in_dir" "block_exec" "call_block" "process_group.block" "process_group" "withCallingHandlers" "process_file" "<Anonymous>" "<Anonymous>" 
"system.time" "eval" "eval" "withVisible" "withCallingHandlers" "handle" "evaluate_call" "<Anonymous>" "in_dir" "block_exec" "call_block" "process_group.block" "process_group" "withCallingHandlers" "process_file" "<Anonymous>" "<Anonymous>" 
"system.time" "eval" "eval" "withVisible" "withCallingHandlers" "handle" "evaluate_call" "<Anonymous>" "in_dir" "block_exec" "call_block" "process_group.block" "process_group" "withCallingHandlers" "process_file" "<Anonymous>" "<Anonymous>" 
"system.time" "eval" "eval" "withVisible" "withCallingHandlers" "handle" "evaluate_call" "<Anonymous>" "in_dir" "block_exec" "call_block" "process_group.block" "process_group" "withCallingHandlers" "process_file" "<Anonymous>" "<Anonymous>" 
"system.time" "eval" "eval" "withVisible" "withCallingHandlers" "handle" "evaluate_call" "<Anonymous>" "in_dir" "block_exec" "call_block" "process_group.block" "process_group" "withCallingHandlers" "process_file" "<Anonymous>" "<Anonymous>" 
"system.time" "eval" "eval" "withVisible" "withCallingHandlers" "handle" "evaluate_call" "<Anonymous>" "in_dir" "block_exec" "call_block" "process_group.block" "process_group" "withCallingHandlers" "process_file" "<Anonymous>" "<Anonymous>" 
"system.time" "eval" "eval" "withVisible" "withCallingHandlers" "handle" "evaluate_call" "<Anonymous>" "in_dir" "block_exec" "call_block" "process_group.block" "process_group" "withCallingHandlers" "process_file" "<Anonymous>" "<Anonymous>" 
"system.time" "eval" "eval" "withVisible" "withCallingHandlers" "handle" "evaluate_call" "<Anonymous>" "in_dir" "block_exec" "call_block" "process_group.block" "process_group" "withCallingHandlers" "process_file" "<Anonymous>" "<Anonymous>" 
"system.time" "eval" "eval" "withVisible" "withCallingHandlers" "handle" "evaluate_call" "<Anonymous>" "in_dir" "block_exec" "call_block" "process_group.block" "process_group" "withCallingHandlers" "process_file" "<Anonymous>" "<Anonymous>" 
"system.time" "eval" "eval" "withVisible" "withCallingHandlers" "handle" "evaluate_call" "<Anonymous>" "in_dir" "block_exec" "call_block" "process_group.block" "process_group" "withCallingHandlers" "process_file" "<Anonymous>" "<Anonymous>" 
"system.time" "eval" "eval" "withVisible" "withCallingHandlers" "handle" "evaluate_call" "<Anonymous>" "in_dir" "block_exec" "call_block" "process_group.block" "process_group" "withCallingHandlers" "process_file" "<Anonymous>" "<Anonymous>" 
"system.time" "eval" "eval" "withVisible" "withCallingHandlers" "handle" "evaluate_call" "<Anonymous>" "in_dir" "block_exec" "call_block" "process_group.block" "process_group" "withCallingHandlers" "process_file" "<Anonymous>" "<Anonymous>" 
"system.time" "eval" "eval" "withVisible" "withCallingHandlers" "handle" "evaluate_call" "<Anonymous>" "in_dir" "block_exec" "call_block" "process_group.block" "process_group" "withCallingHandlers" "process_file" "<Anonymous>" "<Anonymous>" 
"system.time" "eval" "eval" "withVisible" "withCallingHandlers" "handle" "evaluate_call" "<Anonymous>" "in_dir" "block_exec" "call_block" "process_group.block" "process_group" "withCallingHandlers" "process_file" "<Anonymous>" "<Anonymous>" 
"system.time" "eval" "eval" "withVisible" "withCallingHandlers" "handle" "evaluate_call" "<Anonymous>" "in_dir" "block_exec" "call_block" "process_group.block" "process_group" "withCallingHandlers" "process_file" "<Anonymous>" "<Anonymous>" 
"system.time" "eval" "eval" "withVisible" "withCallingHandlers" "handle" "evaluate_call" "<Anonymous>" "in_dir" "block_exec" "call_block" "process_group.block" "process_group" "withCallingHandlers" "process_file" "<Anonymous>" "<Anonymous>" 
"system.time" "eval" "eval" "withVisible" "withCallingHandlers" "handle" "evaluate_call" "<Anonymous>" "in_dir" "block_exec" "call_block" "process_group.block" "process_group" "withCallingHandlers" "process_file" "<Anonymous>" "<Anonymous>" 
"system.time" "eval" "eval" "withVisible" "withCallingHandlers" "handle" "evaluate_call" "<Anonymous>" "in_dir" "block_exec" "call_block" "process_group.block" "process_group" "withCallingHandlers" "process_file" "<Anonymous>" "<Anonymous>" 
"system.time" "eval" "eval" "withVisible" "withCallingHandlers" "handle" "evaluate_call" "<Anonymous>" "in_dir" "block_exec" "call_block" "process_group.block" "process_group" "withCallingHandlers" "process_file" "<Anonymous>" "<Anonymous>" 
"system.time" "eval" "eval" "withVisible" "withCallingHandlers" "handle" "evaluate_call" "<Anonymous>" "in_dir" "block_exec" "call_block" "process_group.block" "process_group" "withCallingHandlers" "process_file" "<Anonymous>" "<Anonymous>" 
"system.time" "eval" "eval" "withVisible" "withCallingHandlers" "handle" "evaluate_call" "<Anonymous>" "in_dir" "block_exec" "call_block" "process_group.block" "process_group" "withCallingHandlers" "process_file" "<Anonymous>" "<Anonymous>" 
"system.time" "eval" "eval" "withVisible" "withCallingHandlers" "handle" "evaluate_call" "<Anonymous>" "in_dir" "block_exec" "call_block" "process_group.block" "process_group" "withCallingHandlers" "process_file" "<Anonymous>" "<Anonymous>" 
"system.time" "eval" "eval" "withVisible" "withCallingHandlers" "handle" "evaluate_call" "<Anonymous>" "in_dir" "block_exec" "call_block" "process_group.block" "process_group" "withCallingHandlers" "process_file" "<Anonymous>" "<Anonymous>" 
"system.time" "eval" "eval" "withVisible" "withCallingHandlers" "handle" "evaluate_call" "<Anonymous>" "in_dir" "block_exec" "call_block" "process_group.block" "process_group" "withCallingHandlers" "process_file" "<Anonymous>" "<Anonymous>" 
"system.time" "eval" "eval" "withVisible" "withCallingHandlers" "handle" "evaluate_call" "<Anonymous>" "in_dir" "block_exec" "call_block" "process_group.block" "process_group" "withCallingHandlers" "process_file" "<Anonymous>" "<Anonymous>" 
"system.time" "eval" "eval" "withVisible" "withCallingHandlers" "handle" "evaluate_call" "<Anonymous>" "in_dir" "block_exec" "call_block" "process_group.block" "process_group" "withCallingHandlers" "process_file" "<Anonymous>" "<Anonymous>" 
"system.time" "eval" "eval" "withVisible" "withCallingHandlers" "handle" "evaluate_call" "<Anonymous>" "in_dir" "block_exec" "call_block" "process_group.block" "process_group" "withCallingHandlers" "process_file" "<Anonymous>" "<Anonymous>" 
"system.time" "eval" "eval" "withVisible" "withCallingHandlers" "handle" "evaluate_call" "<Anonymous>" "in_dir" "block_exec" "call_block" "process_group.block" "process_group" "withCallingHandlers" "process_file" "<Anonymous>" "<Anonymous>" 
"system.time" "eval" "eval" "withVisible" "withCallingHandlers" "handle" "evaluate_call" "<Anonymous>" "in_dir" "block_exec" "call_block" "process_group.block" "process_group" "withCallingHandlers" "process_file" "<Anonymous>" "<Anonymous>" 
"system.time" "eval" "eval" "withVisible" "withCallingHandlers" "handle" "evaluate_call" "<Anonymous>" "in_dir" "block_exec" "call_block" "process_group.block" "process_group" "withCallingHandlers" "process_file" "<Anonymous>" "<Anonymous>" 
"system.time" "eval" "eval" "withVisible" "withCallingHandlers" "handle" "evaluate_call" "<Anonymous>" "in_dir" "block_exec" "call_block" "process_group.block" "process_group" "withCallingHandlers" "process_file" "<Anonymous>" "<Anonymous>" 
"system.time" "eval" "eval" "withVisible" "withCallingHandlers" "handle" "evaluate_call" "<Anonymous>" "in_dir" "block_exec" "call_block" "process_group.block" "process_group" "withCallingHandlers" "process_file" "<Anonymous>" "<Anonymous>" 
"system.time" "eval" "eval" "withVisible" "withCallingHandlers" "handle" "evaluate_call" "<Anonymous>" "in_dir" "block_exec" "call_block" "process_group.block" "process_group" "withCallingHandlers" "process_file" "<Anonymous>" "<Anonymous>" 
"system.time" "eval" "eval" "withVisible" "withCallingHandlers" "handle" "evaluate_call" "<Anonymous>" "in_dir" "block_exec" "call_block" "process_group.block" "process_group" "withCallingHandlers" "process_file" "<Anonymous>" "<Anonymous>" 
"system.time" "eval" "eval" "withVisible" "withCallingHandlers" "handle" "evaluate_call" "<Anonymous>" "in_dir" "block_exec" "call_block" "process_group.block" "process_group" "withCallingHandlers" "process_file" "<Anonymous>" "<Anonymous>" 
"system.time" "eval" "eval" "withVisible" "withCallingHandlers" "handle" "evaluate_call" "<Anonymous>" "in_dir" "block_exec" "call_block" "process_group.block" "process_group" "withCallingHandlers" "process_file" "<Anonymous>" "<Anonymous>" 
"system.time" "eval" "eval" "withVisible" "withCallingHandlers" "handle" "evaluate_call" "<Anonymous>" "in_dir" "block_exec" "call_block" "process_group.block" "process_group" "withCallingHandlers" "process_file" "<Anonymous>" "<Anonymous>" 
"system.time" "eval" "eval" "withVisible" "withCallingHandlers" "handle" "evaluate_call" "<Anonymous>" "in_dir" "block_exec" "call_block" "process_group.block" "process_group" "withCallingHandlers" "process_file" "<Anonymous>" "<Anonymous>" 
"system.time" "eval" "eval" "withVisible" "withCallingHandlers" "handle" "evaluate_call" "<Anonymous>" "in_dir" "block_exec" "call_block" "process_group.block" "process_group" "withCallingHandlers" "process_file" "<Anonymous>" "<Anonymous>" 
"system.time" "eval" "eval" "withVisible" "withCallingHandlers" "handle" "evaluate_call" "<Anonymous>" "in_dir" "block_exec" "call_block" "process_group.block" "process_group" "withCallingHandlers" "process_file" "<Anonymous>" "<Anonymous>" 
"system.time" "eval" "eval" "withVisible" "withCallingHandlers" "handle" "evaluate_call" "<Anonymous>" "in_dir" "block_exec" "call_block" "process_group.block" "process_group" "withCallingHandlers" "process_file" "<Anonymous>" "<Anonymous>" 
"system.time" "eval" "eval" "withVisible" "withCallingHandlers" "handle" "evaluate_call" "<Anonymous>" "in_dir" "block_exec" "call_block" "process_group.block" "process_group" "withCallingHandlers" "process_file" "<Anonymous>" "<Anonymous>" 
"system.time" "eval" "eval" "withVisible" "withCallingHandlers" "handle" "evaluate_call" "<Anonymous>" "in_dir" "block_exec" "call_block" "process_group.block" "process_group" "withCallingHandlers" "process_file" "<Anonymous>" "<Anonymous>" 
"system.time" "eval" "eval" "withVisible" "withCallingHandlers" "handle" "evaluate_call" "<Anonymous>" "in_dir" "block_exec" "call_block" "process_group.block" "process_group" "withCallingHandlers" "process_file" "<Anonymous>" "<Anonymous>" 
"system.time" "eval" "eval" "withVisible" "withCallingHandlers" "handle" "evaluate_call" "<Anonymous>" "in_dir" "block_exec" "call_block" "process_group.block" "process_group" "withCallingHandlers" "process_file" "<Anonymous>" "<Anonymous>" 
"system.time" "eval" "eval" "withVisible" "withCallingHandlers" "handle" "evaluate_call" "<Anonymous>" "in_dir" "block_exec" "call_block" "process_group.block" "process_group" "withCallingHandlers" "process_file" "<Anonymous>" "<Anonymous>" 
"system.time" "eval" "eval" "withVisible" "withCallingHandlers" "handle" "evaluate_call" "<Anonymous>" "in_dir" "block_exec" "call_block" "process_group.block" "process_group" "withCallingHandlers" "process_file" "<Anonymous>" "<Anonymous>" 
"system.time" "eval" "eval" "withVisible" "withCallingHandlers" "handle" "evaluate_call" "<Anonymous>" "in_dir" "block_exec" "call_block" "process_group.block" "process_group" "withCallingHandlers" "process_file" "<Anonymous>" "<Anonymous>" 
"system.time" "eval" "eval" "withVisible" "withCallingHandlers" "handle" "evaluate_call" "<Anonymous>" "in_dir" "block_exec" "call_block" "process_group.block" "process_group" "withCallingHandlers" "process_file" "<Anonymous>" "<Anonymous>" 
"system.time" "eval" "eval" "withVisible" "withCallingHandlers" "handle" "evaluate_call" "<Anonymous>" "in_dir" "block_exec" "call_block" "process_group.block" "process_group" "withCallingHandlers" "process_file" "<Anonymous>" "<Anonymous>" 
"system.time" "eval" "eval" "withVisible" "withCallingHandlers" "handle" "evaluate_call" "<Anonymous>" "in_dir" "block_exec" "call_block" "process_group.block" "process_group" "withCallingHandlers" "process_file" "<Anonymous>" "<Anonymous>" 
"system.time" "eval" "eval" "withVisible" "withCallingHandlers" "handle" "evaluate_call" "<Anonymous>" "in_dir" "block_exec" "call_block" "process_group.block" "process_group" "withCallingHandlers" "process_file" "<Anonymous>" "<Anonymous>" 
"system.time" "eval" "eval" "withVisible" "withCallingHandlers" "handle" "evaluate_call" "<Anonymous>" "in_dir" "block_exec" "call_block" "process_group.block" "process_group" "withCallingHandlers" "process_file" "<Anonymous>" "<Anonymous>" 
"system.time" "eval" "eval" "withVisible" "withCallingHandlers" "handle" "evaluate_call" "<Anonymous>" "in_dir" "block_exec" "call_block" "process_group.block" "process_group" "withCallingHandlers" "process_file" "<Anonymous>" "<Anonymous>" 
"system.time" "eval" "eval" "withVisible" "withCallingHandlers" "handle" "evaluate_call" "<Anonymous>" "in_dir" "block_exec" "call_block" "process_group.block" "process_group" "withCallingHandlers" "process_file" "<Anonymous>" "<Anonymous>" 
"system.time" "eval" "eval" "withVisible" "withCallingHandlers" "handle" "evaluate_call" "<Anonymous>" "in_dir" "block_exec" "call_block" "process_group.block" "process_group" "withCallingHandlers" "process_file" "<Anonymous>" "<Anonymous>" 
"system.time" "eval" "eval" "withVisible" "withCallingHandlers" "handle" "evaluate_call" "<Anonymous>" "in_dir" "block_exec" "call_block" "process_group.block" "process_group" "withCallingHandlers" "process_file" "<Anonymous>" "<Anonymous>" 
"system.time" "eval" "eval" "withVisible" "withCallingHandlers" "handle" "evaluate_call" "<Anonymous>" "in_dir" "block_exec" "call_block" "process_group.block" "process_group" "withCallingHandlers" "process_file" "<Anonymous>" "<Anonymous>" 
"system.time" "eval" "eval" "withVisible" "withCallingHandlers" "handle" "evaluate_call" "<Anonymous>" "in_dir" "block_exec" "call_block" "process_group.block" "process_group" "withCallingHandlers" "process_file" "<Anonymous>" "<Anonymous>" 
"system.time" "eval" "eval" "withVisible" "withCallingHandlers" "handle" "evaluate_call" "<Anonymous>" "in_dir" "block_exec" "call_block" "process_group.block" "process_group" "withCallingHandlers" "process_file" "<Anonymous>" "<Anonymous>" 
"system.time" "eval" "eval" "withVisible" "withCallingHandlers" "handle" "evaluate_call" "<Anonymous>" "in_dir" "block_exec" "call_block" "process_group.block" "process_group" "withCallingHandlers" "process_file" "<Anonymous>" "<Anonymous>" 
"system.time" "eval" "eval" "withVisible" "withCallingHandlers" "handle" "evaluate_call" "<Anonymous>" "in_dir" "block_exec" "call_block" "process_group.block" "process_group" "withCallingHandlers" "process_file" "<Anonymous>" "<Anonymous>" 
"system.time" "eval" "eval" "withVisible" "withCallingHandlers" "handle" "evaluate_call" "<Anonymous>" "in_dir" "block_exec" "call_block" "process_group.block" "process_group" "withCallingHandlers" "process_file" "<Anonymous>" "<Anonymous>" 
"system.time" "eval" "eval" "withVisible" "withCallingHandlers" "handle" "evaluate_call" "<Anonymous>" "in_dir" "block_exec" "call_block" "process_group.block" "process_group" "withCallingHandlers" "process_file" "<Anonymous>" "<Anonymous>" 
"system.time" "eval" "eval" "withVisible" "withCallingHandlers" "handle" "evaluate_call" "<Anonymous>" "in_dir" "block_exec" "call_block" "process_group.block" "process_group" "withCallingHandlers" "process_file" "<Anonymous>" "<Anonymous>" 
"system.time" "eval" "eval" "withVisible" "withCallingHandlers" "handle" "evaluate_call" "<Anonymous>" "in_dir" "block_exec" "call_block" "process_group.block" "process_group" "withCallingHandlers" "process_file" "<Anonymous>" "<Anonymous>" 
"system.time" "eval" "eval" "withVisible" "withCallingHandlers" "handle" "evaluate_call" "<Anonymous>" "in_dir" "block_exec" "call_block" "process_group.block" "process_group" "withCallingHandlers" "process_file" "<Anonymous>" "<Anonymous>" 
"system.time" "eval" "eval" "withVisible" "withCallingHandlers" "handle" "evaluate_call" "<Anonymous>" "in_dir" "block_exec" "call_block" "process_group.block" "process_group" "withCallingHandlers" "process_file" "<Anonymous>" "<Anonymous>" 
"system.time" "eval" "eval" "withVisible" "withCallingHandlers" "handle" "evaluate_call" "<Anonymous>" "in_dir" "block_exec" "call_block" "process_group.block" "process_group" "withCallingHandlers" "process_file" "<Anonymous>" "<Anonymous>" 
"system.time" "eval" "eval" "withVisible" "withCallingHandlers" "handle" "evaluate_call" "<Anonymous>" "in_dir" "block_exec" "call_block" "process_group.block" "process_group" "withCallingHandlers" "process_file" "<Anonymous>" "<Anonymous>" 
"system.time" "eval" "eval" "withVisible" "withCallingHandlers" "handle" "evaluate_call" "<Anonymous>" "in_dir" "block_exec" "call_block" "process_group.block" "process_group" "withCallingHandlers" "process_file" "<Anonymous>" "<Anonymous>" 
"system.time" "eval" "eval" "withVisible" "withCallingHandlers" "handle" "evaluate_call" "<Anonymous>" "in_dir" "block_exec" "call_block" "process_group.block" "process_group" "withCallingHandlers" "process_file" "<Anonymous>" "<Anonymous>" 
"system.time" "eval" "eval" "withVisible" "withCallingHandlers" "handle" "evaluate_call" "<Anonymous>" "in_dir" "block_exec" "call_block" "process_group.block" "process_group" "withCallingHandlers" "process_file" "<Anonymous>" "<Anonymous>" 
"system.time" "eval" "eval" "withVisible" "withCallingHandlers" "handle" "evaluate_call" "<Anonymous>" "in_dir" "block_exec" "call_block" "process_group.block" "process_group" "withCallingHandlers" "process_file" "<Anonymous>" "<Anonymous>" 
"system.time" "eval" "eval" "withVisible" "withCallingHandlers" "handle" "evaluate_call" "<Anonymous>" "in_dir" "block_exec" "call_block" "process_group.block" "process_group" "withCallingHandlers" "process_file" "<Anonymous>" "<Anonymous>" 
"system.time" "eval" "eval" "withVisible" "withCallingHandlers" "handle" "evaluate_call" "<Anonymous>" "in_dir" "block_exec" "call_block" "process_group.block" "process_group" "withCallingHandlers" "process_file" "<Anonymous>" "<Anonymous>" 
"system.time" "eval" "eval" "withVisible" "withCallingHandlers" "handle" "evaluate_call" "<Anonymous>" "in_dir" "block_exec" "call_block" "process_group.block" "process_group" "withCallingHandlers" "process_file" "<Anonymous>" "<Anonymous>" 
"system.time" "eval" "eval" "withVisible" "withCallingHandlers" "handle" "evaluate_call" "<Anonymous>" "in_dir" "block_exec" "call_block" "process_group.block" "process_group" "withCallingHandlers" "process_file" "<Anonymous>" "<Anonymous>" 
"system.time" "eval" "eval" "withVisible" "withCallingHandlers" "handle" "evaluate_call" "<Anonymous>" "in_dir" "block_exec" "call_block" "process_group.block" "process_group" "withCallingHandlers" "process_file" "<Anonymous>" "<Anonymous>" 
"system.time" "eval" "eval" "withVisible" "withCallingHandlers" "handle" "evaluate_call" "<Anonymous>" "in_dir" "block_exec" "call_block" "process_group.block" "process_group" "withCallingHandlers" "process_file" "<Anonymous>" "<Anonymous>" 
"system.time" "eval" "eval" "withVisible" "withCallingHandlers" "handle" "evaluate_call" "<Anonymous>" "in_dir" "block_exec" "call_block" "process_group.block" "process_group" "withCallingHandlers" "process_file" "<Anonymous>" "<Anonymous>" 
"system.time" "eval" "eval" "withVisible" "withCallingHandlers" "handle" "evaluate_call" "<Anonymous>" "in_dir" "block_exec" "call_block" "process_group.block" "process_group" "withCallingHandlers" "process_file" "<Anonymous>" "<Anonymous>" 
"system.time" "eval" "eval" "withVisible" "withCallingHandlers" "handle" "evaluate_call" "<Anonymous>" "in_dir" "block_exec" "call_block" "process_group.block" "process_group" "withCallingHandlers" "process_file" "<Anonymous>" "<Anonymous>" 
"system.time" "eval" "eval" "withVisible" "withCallingHandlers" "handle" "evaluate_call" "<Anonymous>" "in_dir" "block_exec" "call_block" "process_group.block" "process_group" "withCallingHandlers" "process_file" "<Anonymous>" "<Anonymous>" 
"system.time" "eval" "eval" "withVisible" "withCallingHandlers" "handle" "evaluate_call" "<Anonymous>" "in_dir" "block_exec" "call_block" "process_group.block" "process_group" "withCallingHandlers" "process_file" "<Anonymous>" "<Anonymous>" 
"system.time" "eval" "eval" "withVisible" "withCallingHandlers" "handle" "evaluate_call" "<Anonymous>" "in_dir" "block_exec" "call_block" "process_group.block" "process_group" "withCallingHandlers" "process_file" "<Anonymous>" "<Anonymous>" 
"system.time" "eval" "eval" "withVisible" "withCallingHandlers" "handle" "evaluate_call" "<Anonymous>" "in_dir" "block_exec" "call_block" "process_group.block" "process_group" "withCallingHandlers" "process_file" "<Anonymous>" "<Anonymous>" 
"system.time" "eval" "eval" "withVisible" "withCallingHandlers" "handle" "evaluate_call" "<Anonymous>" "in_dir" "block_exec" "call_block" "process_group.block" "process_group" "withCallingHandlers" "process_file" "<Anonymous>" "<Anonymous>" 
"as.character" "factor" "table" "system.time" "eval" "eval" "withVisible" "withCallingHandlers" "handle" "evaluate_call" "<Anonymous>" "in_dir" "block_exec" "call_block" "process_group.block" "process_group" "withCallingHandlers" "process_file" "<Anonymous>" "<Anonymous>" 
"gc" "system.time" "eval" "eval" "withVisible" "withCallingHandlers" "handle" "evaluate_call" "<Anonymous>" "in_dir" "block_exec" "call_block" "process_group.block" "process_group" "withCallingHandlers" "process_file" "<Anonymous>" "<Anonymous>" 
"gc" "system.time" "eval" "eval" "withVisible" "withCallingHandlers" "handle" "evaluate_call" "<Anonymous>" "in_dir" "block_exec" "call_block" "process_group.block" "process_group" "withCallingHandlers" "process_file" "<Anonymous>" "<Anonymous>" 
"dir.exists" "library" ".getRequiredPackages2" "library" "eval" "eval" "withVisible" "withCallingHandlers" "handle" "evaluate_call" "<Anonymous>" "in_dir" "block_exec" "call_block" "process_group.block" "process_group" "withCallingHandlers" "process_file" "<Anonymous>" "<Anonymous>" 
"existsInFrame" "<Anonymous>" "lazyLoadDBfetch" "<Anonymous>" "lazyLoadDBfetch" "<Anonymous>" "lazyLoadDBfetch" ".getGeneric" "getGeneric" "<Anonymous>" "loadNamespace" "namespaceImport" "loadNamespace" "doTryCatch" "tryCatchOne" "tryCatchList" "tryCatch" "try" "library" ".getRequiredPackages2" "library" "eval" "eval" "withVisible" "withCallingHandlers" "handle" "evaluate_call" "<Anonymous>" "in_dir" "block_exec" "call_block" "process_group.block" "process_group" "withCallingHandlers" "process_file" "<Anonymous>" "<Anonymous>" 
"is" ".recMembers" "Recall" ".recMembers" "getGroupMembers" ".checkGroupSigLength" "Recall" ".checkGroupSigLength" ".updateMethodsInTable" ".updateMethodsInTable" ".updateMethodsInTable" "<Anonymous>" "loadNamespace" "namespaceImport" "loadNamespace" "doTryCatch" "tryCatchOne" "tryCatchList" "tryCatch" "try" "library" ".getRequiredPackages2" "library" "eval" "eval" "withVisible" "withCallingHandlers" "handle" "evaluate_call" "<Anonymous>" "in_dir" "block_exec" "call_block" "process_group.block" "process_group" "withCallingHandlers" "process_file" "<Anonymous>" "<Anonymous>" 
"file.exists" "find.package" "loadNamespace" "namespaceImport" "loadNamespace" "doTryCatch" "tryCatchOne" "tryCatchList" "tryCatch" "try" "library" ".getRequiredPackages2" "library" "eval" "eval" "withVisible" "withCallingHandlers" "handle" "evaluate_call" "<Anonymous>" "in_dir" "block_exec" "call_block" "process_group.block" "process_group" "withCallingHandlers" "process_file" "<Anonymous>" "<Anonymous>" 
".getClassFromCache" "getClassDef" "<Anonymous>" "registerS3methods" "loadNamespace" "doTryCatch" "tryCatchOne" "tryCatchList" "tryCatch" "try" "library" ".getRequiredPackages2" "library" "eval" "eval" "withVisible" "withCallingHandlers" "handle" "evaluate_call" "<Anonymous>" "in_dir" "block_exec" "call_block" "process_group.block" "process_group" "withCallingHandlers" "process_file" "<Anonymous>" "<Anonymous>" 
"is" ".checkGroupSigLength" "Recall" ".checkGroupSigLength" ".updateMethodsInTable" ".updateMethodsInTable" ".updateMethodsInTable" "<Anonymous>" "loadNamespace" "doTryCatch" "tryCatchOne" "tryCatchList" "tryCatch" "try" "library" ".getRequiredPackages2" "library" "eval" "eval" "withVisible" "withCallingHandlers" "handle" "evaluate_call" "<Anonymous>" "in_dir" "block_exec" "call_block" "process_group.block" "process_group" "withCallingHandlers" "process_file" "<Anonymous>" "<Anonymous>" 
".updateMethodsInTable" ".updateMethodsInTable" ".updateMethodsInTable" "<Anonymous>" "loadNamespace" "doTryCatch" "tryCatchOne" "tryCatchList" "tryCatch" "try" "library" ".getRequiredPackages2" "library" "eval" "eval" "withVisible" "withCallingHandlers" "handle" "evaluate_call" "<Anonymous>" "in_dir" "block_exec" "call_block" "process_group.block" "process_group" "withCallingHandlers" "process_file" "<Anonymous>" "<Anonymous>" 
"objects" "match" "checkConflicts" "library" ".getRequiredPackages2" "library" "eval" "eval" "withVisible" "withCallingHandlers" "handle" "evaluate_call" "<Anonymous>" "in_dir" "block_exec" "call_block" "process_group.block" "process_group" "withCallingHandlers" "process_file" "<Anonymous>" "<Anonymous>" 
"objects" "match" "checkConflicts" "attach" "attachNamespace" "doTryCatch" "tryCatchOne" "tryCatchList" "tryCatch" "try" "library" ".getRequiredPackages2" "library" ".getRequiredPackages2" "library" "eval" "eval" "withVisible" "withCallingHandlers" "handle" "evaluate_call" "<Anonymous>" "in_dir" "block_exec" "call_block" "process_group.block" "process_group" "withCallingHandlers" "process_file" "<Anonymous>" "<Anonymous>" 
"objects" "match" "checkConflicts" "attach" "attachNamespace" "doTryCatch" "tryCatchOne" "tryCatchList" "tryCatch" "try" "library" ".getRequiredPackages2" "library" ".getRequiredPackages2" "library" "eval" "eval" "withVisible" "withCallingHandlers" "handle" "evaluate_call" "<Anonymous>" "in_dir" "block_exec" "call_block" "process_group.block" "process_group" "withCallingHandlers" "process_file" "<Anonymous>" "<Anonymous>" 
"objects" "match" "checkConflicts" "library" ".getRequiredPackages2" "library" ".getRequiredPackages2" "library" "eval" "eval" "withVisible" "withCallingHandlers" "handle" "evaluate_call" "<Anonymous>" "in_dir" "block_exec" "call_block" "process_group.block" "process_group" "withCallingHandlers" "process_file" "<Anonymous>" "<Anonymous>" 
"objects" "match" "checkConflicts" "library" ".getRequiredPackages2" "library" "eval" "eval" "withVisible" "withCallingHandlers" "handle" "evaluate_call" "<Anonymous>" "in_dir" "block_exec" "call_block" "process_group.block" "process_group" "withCallingHandlers" "process_file" "<Anonymous>" "<Anonymous>" 
"dir.exists" "library" "eval" "eval" "withVisible" "withCallingHandlers" "handle" "evaluate_call" "<Anonymous>" "in_dir" "block_exec" "call_block" "process_group.block" "process_group" "withCallingHandlers" "process_file" "<Anonymous>" "<Anonymous>" 
"lazyLoadDBfetch" "is.data.frame" "eval" "eval" "doTryCatch" "tryCatchOne" "tryCatchList" "tryCatch" "see_if" "assert_that" "tbl_df" "eval" "eval" "withVisible" "withCallingHandlers" "handle" "evaluate_call" "<Anonymous>" "in_dir" "block_exec" "call_block" "process_group.block" "process_group" "withCallingHandlers" "process_file" "<Anonymous>" "<Anonymous>" 
"lazyLoadDBfetch" "is.data.frame" "eval" "eval" "doTryCatch" "tryCatchOne" "tryCatchList" "tryCatch" "see_if" "assert_that" "tbl_df" "eval" "eval" "withVisible" "withCallingHandlers" "handle" "evaluate_call" "<Anonymous>" "in_dir" "block_exec" "call_block" "process_group.block" "process_group" "withCallingHandlers" "process_file" "<Anonymous>" "<Anonymous>" 
"lazyLoadDBfetch" "is.data.frame" "eval" "eval" "doTryCatch" "tryCatchOne" "tryCatchList" "tryCatch" "see_if" "assert_that" "tbl_df" "eval" "eval" "withVisible" "withCallingHandlers" "handle" "evaluate_call" "<Anonymous>" "in_dir" "block_exec" "call_block" "process_group.block" "process_group" "withCallingHandlers" "process_file" "<Anonymous>" "<Anonymous>" 
"lazyLoadDBfetch" "is.data.frame" "eval" "eval" "doTryCatch" "tryCatchOne" "tryCatchList" "tryCatch" "see_if" "assert_that" "tbl_df" "eval" "eval" "withVisible" "withCallingHandlers" "handle" "evaluate_call" "<Anonymous>" "in_dir" "block_exec" "call_block" "process_group.block" "process_group" "withCallingHandlers" "process_file" "<Anonymous>" "<Anonymous>" 
"lazyLoadDBfetch" "is.data.frame" "eval" "eval" "doTryCatch" "tryCatchOne" "tryCatchList" "tryCatch" "see_if" "assert_that" "tbl_df" "eval" "eval" "withVisible" "withCallingHandlers" "handle" "evaluate_call" "<Anonymous>" "in_dir" "block_exec" "call_block" "process_group.block" "process_group" "withCallingHandlers" "process_file" "<Anonymous>" "<Anonymous>" 
"lazyLoadDBfetch" "is.data.frame" "eval" "eval" "doTryCatch" "tryCatchOne" "tryCatchList" "tryCatch" "see_if" "assert_that" "tbl_df" "eval" "eval" "withVisible" "withCallingHandlers" "handle" "evaluate_call" "<Anonymous>" "in_dir" "block_exec" "call_block" "process_group.block" "process_group" "withCallingHandlers" "process_file" "<Anonymous>" "<Anonymous>" 
"lazyLoadDBfetch" "is.data.frame" "eval" "eval" "doTryCatch" "tryCatchOne" "tryCatchList" "tryCatch" "see_if" "assert_that" "tbl_df" "eval" "eval" "withVisible" "withCallingHandlers" "handle" "evaluate_call" "<Anonymous>" "in_dir" "block_exec" "call_block" "process_group.block" "process_group" "withCallingHandlers" "process_file" "<Anonymous>" "<Anonymous>" 
"lazyLoadDBfetch" "is.data.frame" "eval" "eval" "doTryCatch" "tryCatchOne" "tryCatchList" "tryCatch" "see_if" "assert_that" "tbl_df" "eval" "eval" "withVisible" "withCallingHandlers" "handle" "evaluate_call" "<Anonymous>" "in_dir" "block_exec" "call_block" "process_group.block" "process_group" "withCallingHandlers" "process_file" "<Anonymous>" "<Anonymous>" 
"lazyLoadDBfetch" "is.data.frame" "eval" "eval" "doTryCatch" "tryCatchOne" "tryCatchList" "tryCatch" "see_if" "assert_that" "tbl_df" "eval" "eval" "withVisible" "withCallingHandlers" "handle" "evaluate_call" "<Anonymous>" "in_dir" "block_exec" "call_block" "process_group.block" "process_group" "withCallingHandlers" "process_file" "<Anonymous>" "<Anonymous>" 
"lazyLoadDBfetch" "is.data.frame" "eval" "eval" "doTryCatch" "tryCatchOne" "tryCatchList" "tryCatch" "see_if" "assert_that" "tbl_df" "eval" "eval" "withVisible" "withCallingHandlers" "handle" "evaluate_call" "<Anonymous>" "in_dir" "block_exec" "call_block" "process_group.block" "process_group" "withCallingHandlers" "process_file" "<Anonymous>" "<Anonymous>" 
"lazyLoadDBfetch" "is.data.frame" "eval" "eval" "doTryCatch" "tryCatchOne" "tryCatchList" "tryCatch" "see_if" "assert_that" "tbl_df" "eval" "eval" "withVisible" "withCallingHandlers" "handle" "evaluate_call" "<Anonymous>" "in_dir" "block_exec" "call_block" "process_group.block" "process_group" "withCallingHandlers" "process_file" "<Anonymous>" "<Anonymous>" 
"lazyLoadDBfetch" "is.data.frame" "eval" "eval" "doTryCatch" "tryCatchOne" "tryCatchList" "tryCatch" "see_if" "assert_that" "tbl_df" "eval" "eval" "withVisible" "withCallingHandlers" "handle" "evaluate_call" "<Anonymous>" "in_dir" "block_exec" "call_block" "process_group.block" "process_group" "withCallingHandlers" "process_file" "<Anonymous>" "<Anonymous>" 
"lazyLoadDBfetch" "is.data.frame" "eval" "eval" "doTryCatch" "tryCatchOne" "tryCatchList" "tryCatch" "see_if" "assert_that" "tbl_df" "eval" "eval" "withVisible" "withCallingHandlers" "handle" "evaluate_call" "<Anonymous>" "in_dir" "block_exec" "call_block" "process_group.block" "process_group" "withCallingHandlers" "process_file" "<Anonymous>" "<Anonymous>" 
"lazyLoadDBfetch" "is.data.frame" "eval" "eval" "doTryCatch" "tryCatchOne" "tryCatchList" "tryCatch" "see_if" "assert_that" "tbl_df" "eval" "eval" "withVisible" "withCallingHandlers" "handle" "evaluate_call" "<Anonymous>" "in_dir" "block_exec" "call_block" "process_group.block" "process_group" "withCallingHandlers" "process_file" "<Anonymous>" "<Anonymous>" 
"lazyLoadDBfetch" "is.data.frame" "eval" "eval" "doTryCatch" "tryCatchOne" "tryCatchList" "tryCatch" "see_if" "assert_that" "tbl_df" "eval" "eval" "withVisible" "withCallingHandlers" "handle" "evaluate_call" "<Anonymous>" "in_dir" "block_exec" "call_block" "process_group.block" "process_group" "withCallingHandlers" "process_file" "<Anonymous>" "<Anonymous>" 
"lazyLoadDBfetch" "is.data.frame" "eval" "eval" "doTryCatch" "tryCatchOne" "tryCatchList" "tryCatch" "see_if" "assert_that" "tbl_df" "eval" "eval" "withVisible" "withCallingHandlers" "handle" "evaluate_call" "<Anonymous>" "in_dir" "block_exec" "call_block" "process_group.block" "process_group" "withCallingHandlers" "process_file" "<Anonymous>" "<Anonymous>" 
"deparse" "eval" "match.arg" "dev.control" "chunk_device" "block_exec" "call_block" "process_group.block" "process_group" "withCallingHandlers" "process_file" "<Anonymous>" "<Anonymous>" 
"NextMethod" "Ops.factor" "==" "eval" "evalq" "doTryCatch" "tryCatchOne" "tryCatchList" "doTryCatch" "tryCatchOne" "tryCatchList" "tryCatch" ".Call" "filter_impl" "filter_.tbl_df" "filter_" "filter" "eval" "eval" "withVisible" "withCallingHandlers" "handle" "evaluate_call" "<Anonymous>" "in_dir" "block_exec" "call_block" "process_group.block" "process_group" "withCallingHandlers" "process_file" "<Anonymous>" "<Anonymous>" 
"is.na" "Ops.factor" "==" "eval" "evalq" "doTryCatch" "tryCatchOne" "tryCatchList" "doTryCatch" "tryCatchOne" "tryCatchList" "tryCatch" ".Call" "filter_impl" "filter_.tbl_df" "filter_" "filter" "eval" "eval" "withVisible" "withCallingHandlers" "handle" "evaluate_call" "<Anonymous>" "in_dir" "block_exec" "call_block" "process_group.block" "process_group" "withCallingHandlers" "process_file" "<Anonymous>" "<Anonymous>" 
"as.character.factor" "as.character" "as.character" "structure" "format" "format.factor" "format" "format.data.frame" "format" "trunc_mat" "print" "print.tbl_df" "print" "normal_print" "knit_print.default" "fun" "value_fun" "withVisible" "withCallingHandlers" "handle" "evaluate_call" "<Anonymous>" "in_dir" "block_exec" "call_block" "process_group.block" "process_group" "withCallingHandlers" "process_file" "<Anonymous>" "<Anonymous>" 
"doTryCatch" "tryCatchOne" "tryCatchList" "tryCatch" ".Call" "mutate_impl" "mutate_.tbl_df" "mutate_" "mutate" "eval" "eval" "withVisible" "withCallingHandlers" "handle" "evaluate_call" "<Anonymous>" "in_dir" "block_exec" "call_block" "process_group.block" "process_group" "withCallingHandlers" "process_file" "<Anonymous>" "<Anonymous>" 
"ifelse" "eval" "evalq" "doTryCatch" "tryCatchOne" "tryCatchList" "doTryCatch" "tryCatchOne" "tryCatchList" "tryCatch" ".Call" "mutate_impl" "mutate_.tbl_df" "mutate_" "mutate" "eval" "eval" "withVisible" "withCallingHandlers" "handle" "evaluate_call" "<Anonymous>" "in_dir" "block_exec" "call_block" "process_group.block" "process_group" "withCallingHandlers" "process_file" "<Anonymous>" "<Anonymous>" 
"ifelse" "eval" "evalq" "doTryCatch" "tryCatchOne" "tryCatchList" "doTryCatch" "tryCatchOne" "tryCatchList" "tryCatch" ".Call" "mutate_impl" "mutate_.tbl_df" "mutate_" "mutate" "eval" "eval" "withVisible" "withCallingHandlers" "handle" "evaluate_call" "<Anonymous>" "in_dir" "block_exec" "call_block" "process_group.block" "process_group" "withCallingHandlers" "process_file" "<Anonymous>" "<Anonymous>" 
"anyDuplicated.default" "anyDuplicated" "[.data.frame" "[" "mask_comments" "<Anonymous>" "do.call" "doTryCatch" "tryCatchOne" "tryCatchList" "tryCatch" "try" "try_silent" "block_exec" "call_block" "process_group.block" "process_group" "withCallingHandlers" "process_file" "<Anonymous>" "<Anonymous>" 
"grepl" "eval" "evalq" "doTryCatch" "tryCatchOne" "tryCatchList" "doTryCatch" "tryCatchOne" "tryCatchList" "tryCatch" ".Call" "mutate_impl" "mutate_.tbl_df" "mutate_" "mutate" "eval" "eval" "withVisible" "withCallingHandlers" "handle" "evaluate_call" "<Anonymous>" "in_dir" "block_exec" "call_block" "process_group.block" "process_group" "withCallingHandlers" "process_file" "<Anonymous>" "<Anonymous>" 
"grepl" "eval" "evalq" "doTryCatch" "tryCatchOne" "tryCatchList" "doTryCatch" "tryCatchOne" "tryCatchList" "tryCatch" ".Call" "mutate_impl" "mutate_.tbl_df" "mutate_" "mutate" "eval" "eval" "withVisible" "withCallingHandlers" "handle" "evaluate_call" "<Anonymous>" "in_dir" "block_exec" "call_block" "process_group.block" "process_group" "withCallingHandlers" "process_file" "<Anonymous>" "<Anonymous>" 
"grepl" "eval" "evalq" "doTryCatch" "tryCatchOne" "tryCatchList" "doTryCatch" "tryCatchOne" "tryCatchList" "tryCatch" ".Call" "mutate_impl" "mutate_.tbl_df" "mutate_" "mutate" "eval" "eval" "withVisible" "withCallingHandlers" "handle" "evaluate_call" "<Anonymous>" "in_dir" "block_exec" "call_block" "process_group.block" "process_group" "withCallingHandlers" "process_file" "<Anonymous>" "<Anonymous>" 
"grepl" "eval" "evalq" "doTryCatch" "tryCatchOne" "tryCatchList" "doTryCatch" "tryCatchOne" "tryCatchList" "tryCatch" ".Call" "mutate_impl" "mutate_.tbl_df" "mutate_" "mutate" "eval" "eval" "withVisible" "withCallingHandlers" "handle" "evaluate_call" "<Anonymous>" "in_dir" "block_exec" "call_block" "process_group.block" "process_group" "withCallingHandlers" "process_file" "<Anonymous>" "<Anonymous>" 
"grepl" "eval" "evalq" "doTryCatch" "tryCatchOne" "tryCatchList" "doTryCatch" "tryCatchOne" "tryCatchList" "tryCatch" ".Call" "mutate_impl" "mutate_.tbl_df" "mutate_" "mutate" "eval" "eval" "withVisible" "withCallingHandlers" "handle" "evaluate_call" "<Anonymous>" "in_dir" "block_exec" "call_block" "process_group.block" "process_group" "withCallingHandlers" "process_file" "<Anonymous>" "<Anonymous>" 
"grepl" "eval" "evalq" "doTryCatch" "tryCatchOne" "tryCatchList" "doTryCatch" "tryCatchOne" "tryCatchList" "tryCatch" ".Call" "mutate_impl" "mutate_.tbl_df" "mutate_" "mutate" "eval" "eval" "withVisible" "withCallingHandlers" "handle" "evaluate_call" "<Anonymous>" "in_dir" "block_exec" "call_block" "process_group.block" "process_group" "withCallingHandlers" "process_file" "<Anonymous>" "<Anonymous>" 
"grepl" "eval" "evalq" "doTryCatch" "tryCatchOne" "tryCatchList" "doTryCatch" "tryCatchOne" "tryCatchList" "tryCatch" ".Call" "mutate_impl" "mutate_.tbl_df" "mutate_" "mutate" "eval" "eval" "withVisible" "withCallingHandlers" "handle" "evaluate_call" "<Anonymous>" "in_dir" "block_exec" "call_block" "process_group.block" "process_group" "withCallingHandlers" "process_file" "<Anonymous>" "<Anonymous>" 
"grepl" "eval" "evalq" "doTryCatch" "tryCatchOne" "tryCatchList" "doTryCatch" "tryCatchOne" "tryCatchList" "tryCatch" ".Call" "mutate_impl" "mutate_.tbl_df" "mutate_" "mutate" "eval" "eval" "withVisible" "withCallingHandlers" "handle" "evaluate_call" "<Anonymous>" "in_dir" "block_exec" "call_block" "process_group.block" "process_group" "withCallingHandlers" "process_file" "<Anonymous>" "<Anonymous>" 
"grepl" "eval" "evalq" "doTryCatch" "tryCatchOne" "tryCatchList" "doTryCatch" "tryCatchOne" "tryCatchList" "tryCatch" ".Call" "mutate_impl" "mutate_.tbl_df" "mutate_" "mutate" "eval" "eval" "withVisible" "withCallingHandlers" "handle" "evaluate_call" "<Anonymous>" "in_dir" "block_exec" "call_block" "process_group.block" "process_group" "withCallingHandlers" "process_file" "<Anonymous>" "<Anonymous>" 
"grepl" "eval" "evalq" "doTryCatch" "tryCatchOne" "tryCatchList" "doTryCatch" "tryCatchOne" "tryCatchList" "tryCatch" ".Call" "mutate_impl" "mutate_.tbl_df" "mutate_" "mutate" "eval" "eval" "withVisible" "withCallingHandlers" "handle" "evaluate_call" "<Anonymous>" "in_dir" "block_exec" "call_block" "process_group.block" "process_group" "withCallingHandlers" "process_file" "<Anonymous>" "<Anonymous>" 
"grepl" "eval" "evalq" "doTryCatch" "tryCatchOne" "tryCatchList" "doTryCatch" "tryCatchOne" "tryCatchList" "tryCatch" ".Call" "mutate_impl" "mutate_.tbl_df" "mutate_" "mutate" "eval" "eval" "withVisible" "withCallingHandlers" "handle" "evaluate_call" "<Anonymous>" "in_dir" "block_exec" "call_block" "process_group.block" "process_group" "withCallingHandlers" "process_file" "<Anonymous>" "<Anonymous>" 
"grepl" "eval" "evalq" "doTryCatch" "tryCatchOne" "tryCatchList" "doTryCatch" "tryCatchOne" "tryCatchList" "tryCatch" ".Call" "mutate_impl" "mutate_.tbl_df" "mutate_" "mutate" "eval" "eval" "withVisible" "withCallingHandlers" "handle" "evaluate_call" "<Anonymous>" "in_dir" "block_exec" "call_block" "process_group.block" "process_group" "withCallingHandlers" "process_file" "<Anonymous>" "<Anonymous>" 
"grepl" "eval" "evalq" "doTryCatch" "tryCatchOne" "tryCatchList" "doTryCatch" "tryCatchOne" "tryCatchList" "tryCatch" ".Call" "mutate_impl" "mutate_.tbl_df" "mutate_" "mutate" "eval" "eval" "withVisible" "withCallingHandlers" "handle" "evaluate_call" "<Anonymous>" "in_dir" "block_exec" "call_block" "process_group.block" "process_group" "withCallingHandlers" "process_file" "<Anonymous>" "<Anonymous>" 
"grepl" "eval" "evalq" "doTryCatch" "tryCatchOne" "tryCatchList" "doTryCatch" "tryCatchOne" "tryCatchList" "tryCatch" ".Call" "mutate_impl" "mutate_.tbl_df" "mutate_" "mutate" "eval" "eval" "withVisible" "withCallingHandlers" "handle" "evaluate_call" "<Anonymous>" "in_dir" "block_exec" "call_block" "process_group.block" "process_group" "withCallingHandlers" "process_file" "<Anonymous>" "<Anonymous>" 
"grepl" "eval" "evalq" "doTryCatch" "tryCatchOne" "tryCatchList" "doTryCatch" "tryCatchOne" "tryCatchList" "tryCatch" ".Call" "mutate_impl" "mutate_.tbl_df" "mutate_" "mutate" "eval" "eval" "withVisible" "withCallingHandlers" "handle" "evaluate_call" "<Anonymous>" "in_dir" "block_exec" "call_block" "process_group.block" "process_group" "withCallingHandlers" "process_file" "<Anonymous>" "<Anonymous>" 
"grepl" "eval" "evalq" "doTryCatch" "tryCatchOne" "tryCatchList" "doTryCatch" "tryCatchOne" "tryCatchList" "tryCatch" ".Call" "mutate_impl" "mutate_.tbl_df" "mutate_" "mutate" "eval" "eval" "withVisible" "withCallingHandlers" "handle" "evaluate_call" "<Anonymous>" "in_dir" "block_exec" "call_block" "process_group.block" "process_group" "withCallingHandlers" "process_file" "<Anonymous>" "<Anonymous>" 
"grepl" "eval" "evalq" "doTryCatch" "tryCatchOne" "tryCatchList" "doTryCatch" "tryCatchOne" "tryCatchList" "tryCatch" ".Call" "mutate_impl" "mutate_.tbl_df" "mutate_" "mutate" "eval" "eval" "withVisible" "withCallingHandlers" "handle" "evaluate_call" "<Anonymous>" "in_dir" "block_exec" "call_block" "process_group.block" "process_group" "withCallingHandlers" "process_file" "<Anonymous>" "<Anonymous>" 
"grepl" "eval" "evalq" "doTryCatch" "tryCatchOne" "tryCatchList" "doTryCatch" "tryCatchOne" "tryCatchList" "tryCatch" ".Call" "mutate_impl" "mutate_.tbl_df" "mutate_" "mutate" "eval" "eval" "withVisible" "withCallingHandlers" "handle" "evaluate_call" "<Anonymous>" "in_dir" "block_exec" "call_block" "process_group.block" "process_group" "withCallingHandlers" "process_file" "<Anonymous>" "<Anonymous>" 
"grepl" "eval" "evalq" "doTryCatch" "tryCatchOne" "tryCatchList" "doTryCatch" "tryCatchOne" "tryCatchList" "tryCatch" ".Call" "mutate_impl" "mutate_.tbl_df" "mutate_" "mutate" "eval" "eval" "withVisible" "withCallingHandlers" "handle" "evaluate_call" "<Anonymous>" "in_dir" "block_exec" "call_block" "process_group.block" "process_group" "withCallingHandlers" "process_file" "<Anonymous>" "<Anonymous>" 
"as.character.factor" "as.character" "as.character" "grepl" "eval" "evalq" "doTryCatch" "tryCatchOne" "tryCatchList" "doTryCatch" "tryCatchOne" "tryCatchList" "tryCatch" ".Call" "mutate_impl" "mutate_.tbl_df" "mutate_" "mutate" "eval" "eval" "withVisible" "withCallingHandlers" "handle" "evaluate_call" "<Anonymous>" "in_dir" "block_exec" "call_block" "process_group.block" "process_group" "withCallingHandlers" "process_file" "<Anonymous>" "<Anonymous>" 
"grepl" "eval" "evalq" "doTryCatch" "tryCatchOne" "tryCatchList" "doTryCatch" "tryCatchOne" "tryCatchList" "tryCatch" ".Call" "mutate_impl" "mutate_.tbl_df" "mutate_" "mutate" "eval" "eval" "withVisible" "withCallingHandlers" "handle" "evaluate_call" "<Anonymous>" "in_dir" "block_exec" "call_block" "process_group.block" "process_group" "withCallingHandlers" "process_file" "<Anonymous>" "<Anonymous>" 
"grepl" "eval" "evalq" "doTryCatch" "tryCatchOne" "tryCatchList" "doTryCatch" "tryCatchOne" "tryCatchList" "tryCatch" ".Call" "mutate_impl" "mutate_.tbl_df" "mutate_" "mutate" "eval" "eval" "withVisible" "withCallingHandlers" "handle" "evaluate_call" "<Anonymous>" "in_dir" "block_exec" "call_block" "process_group.block" "process_group" "withCallingHandlers" "process_file" "<Anonymous>" "<Anonymous>" 
"grepl" "eval" "evalq" "doTryCatch" "tryCatchOne" "tryCatchList" "doTryCatch" "tryCatchOne" "tryCatchList" "tryCatch" ".Call" "mutate_impl" "mutate_.tbl_df" "mutate_" "mutate" "eval" "eval" "withVisible" "withCallingHandlers" "handle" "evaluate_call" "<Anonymous>" "in_dir" "block_exec" "call_block" "process_group.block" "process_group" "withCallingHandlers" "process_file" "<Anonymous>" "<Anonymous>" 
"grepl" "eval" "evalq" "doTryCatch" "tryCatchOne" "tryCatchList" "doTryCatch" "tryCatchOne" "tryCatchList" "tryCatch" ".Call" "mutate_impl" "mutate_.tbl_df" "mutate_" "mutate" "eval" "eval" "withVisible" "withCallingHandlers" "handle" "evaluate_call" "<Anonymous>" "in_dir" "block_exec" "call_block" "process_group.block" "process_group" "withCallingHandlers" "process_file" "<Anonymous>" "<Anonymous>" 
"grepl" "eval" "evalq" "doTryCatch" "tryCatchOne" "tryCatchList" "doTryCatch" "tryCatchOne" "tryCatchList" "tryCatch" ".Call" "mutate_impl" "mutate_.tbl_df" "mutate_" "mutate" "eval" "eval" "withVisible" "withCallingHandlers" "handle" "evaluate_call" "<Anonymous>" "in_dir" "block_exec" "call_block" "process_group.block" "process_group" "withCallingHandlers" "process_file" "<Anonymous>" "<Anonymous>" 
"grepl" "eval" "evalq" "doTryCatch" "tryCatchOne" "tryCatchList" "doTryCatch" "tryCatchOne" "tryCatchList" "tryCatch" ".Call" "mutate_impl" "mutate_.tbl_df" "mutate_" "mutate" "eval" "eval" "withVisible" "withCallingHandlers" "handle" "evaluate_call" "<Anonymous>" "in_dir" "block_exec" "call_block" "process_group.block" "process_group" "withCallingHandlers" "process_file" "<Anonymous>" "<Anonymous>" 
"grepl" "eval" "evalq" "doTryCatch" "tryCatchOne" "tryCatchList" "doTryCatch" "tryCatchOne" "tryCatchList" "tryCatch" ".Call" "mutate_impl" "mutate_.tbl_df" "mutate_" "mutate" "eval" "eval" "withVisible" "withCallingHandlers" "handle" "evaluate_call" "<Anonymous>" "in_dir" "block_exec" "call_block" "process_group.block" "process_group" "withCallingHandlers" "process_file" "<Anonymous>" "<Anonymous>" 
"grepl" "eval" "evalq" "doTryCatch" "tryCatchOne" "tryCatchList" "doTryCatch" "tryCatchOne" "tryCatchList" "tryCatch" ".Call" "mutate_impl" "mutate_.tbl_df" "mutate_" "mutate" "eval" "eval" "withVisible" "withCallingHandlers" "handle" "evaluate_call" "<Anonymous>" "in_dir" "block_exec" "call_block" "process_group.block" "process_group" "withCallingHandlers" "process_file" "<Anonymous>" "<Anonymous>" 
"grepl" "eval" "evalq" "doTryCatch" "tryCatchOne" "tryCatchList" "doTryCatch" "tryCatchOne" "tryCatchList" "tryCatch" ".Call" "mutate_impl" "mutate_.tbl_df" "mutate_" "mutate" "eval" "eval" "withVisible" "withCallingHandlers" "handle" "evaluate_call" "<Anonymous>" "in_dir" "block_exec" "call_block" "process_group.block" "process_group" "withCallingHandlers" "process_file" "<Anonymous>" "<Anonymous>" 
"grepl" "eval" "evalq" "doTryCatch" "tryCatchOne" "tryCatchList" "doTryCatch" "tryCatchOne" "tryCatchList" "tryCatch" ".Call" "mutate_impl" "mutate_.tbl_df" "mutate_" "mutate" "eval" "eval" "withVisible" "withCallingHandlers" "handle" "evaluate_call" "<Anonymous>" "in_dir" "block_exec" "call_block" "process_group.block" "process_group" "withCallingHandlers" "process_file" "<Anonymous>" "<Anonymous>" 
"grepl" "eval" "evalq" "doTryCatch" "tryCatchOne" "tryCatchList" "doTryCatch" "tryCatchOne" "tryCatchList" "tryCatch" ".Call" "mutate_impl" "mutate_.tbl_df" "mutate_" "mutate" "eval" "eval" "withVisible" "withCallingHandlers" "handle" "evaluate_call" "<Anonymous>" "in_dir" "block_exec" "call_block" "process_group.block" "process_group" "withCallingHandlers" "process_file" "<Anonymous>" "<Anonymous>" 
"as.character.factor" "as.character" "as.character" "grepl" "eval" "evalq" "doTryCatch" "tryCatchOne" "tryCatchList" "doTryCatch" "tryCatchOne" "tryCatchList" "tryCatch" ".Call" "mutate_impl" "mutate_.tbl_df" "mutate_" "mutate" "eval" "eval" "withVisible" "withCallingHandlers" "handle" "evaluate_call" "<Anonymous>" "in_dir" "block_exec" "call_block" "process_group.block" "process_group" "withCallingHandlers" "process_file" "<Anonymous>" "<Anonymous>" 
"grepl" "eval" "evalq" "doTryCatch" "tryCatchOne" "tryCatchList" "doTryCatch" "tryCatchOne" "tryCatchList" "tryCatch" ".Call" "mutate_impl" "mutate_.tbl_df" "mutate_" "mutate" "eval" "eval" "withVisible" "withCallingHandlers" "handle" "evaluate_call" "<Anonymous>" "in_dir" "block_exec" "call_block" "process_group.block" "process_group" "withCallingHandlers" "process_file" "<Anonymous>" "<Anonymous>" 
"grepl" "eval" "evalq" "doTryCatch" "tryCatchOne" "tryCatchList" "doTryCatch" "tryCatchOne" "tryCatchList" "tryCatch" ".Call" "mutate_impl" "mutate_.tbl_df" "mutate_" "mutate" "eval" "eval" "withVisible" "withCallingHandlers" "handle" "evaluate_call" "<Anonymous>" "in_dir" "block_exec" "call_block" "process_group.block" "process_group" "withCallingHandlers" "process_file" "<Anonymous>" "<Anonymous>" 
"grepl" "eval" "evalq" "doTryCatch" "tryCatchOne" "tryCatchList" "doTryCatch" "tryCatchOne" "tryCatchList" "tryCatch" ".Call" "mutate_impl" "mutate_.tbl_df" "mutate_" "mutate" "eval" "eval" "withVisible" "withCallingHandlers" "handle" "evaluate_call" "<Anonymous>" "in_dir" "block_exec" "call_block" "process_group.block" "process_group" "withCallingHandlers" "process_file" "<Anonymous>" "<Anonymous>" 
"grepl" "eval" "evalq" "doTryCatch" "tryCatchOne" "tryCatchList" "doTryCatch" "tryCatchOne" "tryCatchList" "tryCatch" ".Call" "mutate_impl" "mutate_.tbl_df" "mutate_" "mutate" "eval" "eval" "withVisible" "withCallingHandlers" "handle" "evaluate_call" "<Anonymous>" "in_dir" "block_exec" "call_block" "process_group.block" "process_group" "withCallingHandlers" "process_file" "<Anonymous>" "<Anonymous>" 
"grepl" "eval" "evalq" "doTryCatch" "tryCatchOne" "tryCatchList" "doTryCatch" "tryCatchOne" "tryCatchList" "tryCatch" ".Call" "mutate_impl" "mutate_.tbl_df" "mutate_" "mutate" "eval" "eval" "withVisible" "withCallingHandlers" "handle" "evaluate_call" "<Anonymous>" "in_dir" "block_exec" "call_block" "process_group.block" "process_group" "withCallingHandlers" "process_file" "<Anonymous>" "<Anonymous>" 
"grepl" "eval" "evalq" "doTryCatch" "tryCatchOne" "tryCatchList" "doTryCatch" "tryCatchOne" "tryCatchList" "tryCatch" ".Call" "mutate_impl" "mutate_.tbl_df" "mutate_" "mutate" "eval" "eval" "withVisible" "withCallingHandlers" "handle" "evaluate_call" "<Anonymous>" "in_dir" "block_exec" "call_block" "process_group.block" "process_group" "withCallingHandlers" "process_file" "<Anonymous>" "<Anonymous>" 
"grepl" "eval" "evalq" "doTryCatch" "tryCatchOne" "tryCatchList" "doTryCatch" "tryCatchOne" "tryCatchList" "tryCatch" ".Call" "mutate_impl" "mutate_.tbl_df" "mutate_" "mutate" "eval" "eval" "withVisible" "withCallingHandlers" "handle" "evaluate_call" "<Anonymous>" "in_dir" "block_exec" "call_block" "process_group.block" "process_group" "withCallingHandlers" "process_file" "<Anonymous>" "<Anonymous>" 
"grepl" "eval" "evalq" "doTryCatch" "tryCatchOne" "tryCatchList" "doTryCatch" "tryCatchOne" "tryCatchList" "tryCatch" ".Call" "mutate_impl" "mutate_.tbl_df" "mutate_" "mutate" "eval" "eval" "withVisible" "withCallingHandlers" "handle" "evaluate_call" "<Anonymous>" "in_dir" "block_exec" "call_block" "process_group.block" "process_group" "withCallingHandlers" "process_file" "<Anonymous>" "<Anonymous>" 
"grepl" "eval" "evalq" "doTryCatch" "tryCatchOne" "tryCatchList" "doTryCatch" "tryCatchOne" "tryCatchList" "tryCatch" ".Call" "mutate_impl" "mutate_.tbl_df" "mutate_" "mutate" "eval" "eval" "withVisible" "withCallingHandlers" "handle" "evaluate_call" "<Anonymous>" "in_dir" "block_exec" "call_block" "process_group.block" "process_group" "withCallingHandlers" "process_file" "<Anonymous>" "<Anonymous>" 
"Ops.factor" "==" "eval" "evalq" "doTryCatch" "tryCatchOne" "tryCatchList" "doTryCatch" "tryCatchOne" "tryCatchList" "tryCatch" ".Call" "filter_impl" "filter_.tbl_df" "filter_" "filter" "eval" "eval" "withVisible" "withCallingHandlers" "handle" "evaluate_call" "<Anonymous>" "in_dir" "block_exec" "call_block" "process_group.block" "process_group" "withCallingHandlers" "process_file" "<Anonymous>" "<Anonymous>" 
"getwd" "in_dir" "block_exec" "call_block" "process_group.block" "process_group" "withCallingHandlers" "process_file" "<Anonymous>" "<Anonymous>" 
"NextMethod" "Ops.factor" "==" "eval" "evalq" "doTryCatch" "tryCatchOne" "tryCatchList" "doTryCatch" "tryCatchOne" "tryCatchList" "tryCatch" ".Call" "filter_impl" "filter_.tbl_df" "filter_" "filter" "eval" "eval" "withVisible" "withCallingHandlers" "handle" "evaluate_call" "<Anonymous>" "in_dir" "block_exec" "call_block" "process_group.block" "process_group" "withCallingHandlers" "process_file" "<Anonymous>" "<Anonymous>" 
"Ops.factor" "==" "eval" "evalq" "doTryCatch" "tryCatchOne" "tryCatchList" "doTryCatch" "tryCatchOne" "tryCatchList" "tryCatch" ".Call" "filter_impl" "filter_.tbl_df" "filter_" "filter" "eval" "eval" "withVisible" "withCallingHandlers" "handle" "evaluate_call" "<Anonymous>" "in_dir" "block_exec" "call_block" "process_group.block" "process_group" "withCallingHandlers" "process_file" "<Anonymous>" "<Anonymous>" 
"Ops.factor" "==" "eval" "evalq" "doTryCatch" "tryCatchOne" "tryCatchList" "doTryCatch" "tryCatchOne" "tryCatchList" "tryCatch" ".Call" "filter_impl" "filter_.tbl_df" "filter_" "filter" "eval" "eval" "withVisible" "withCallingHandlers" "handle" "evaluate_call" "<Anonymous>" "in_dir" "block_exec" "call_block" "process_group.block" "process_group" "withCallingHandlers" "process_file" "<Anonymous>" "<Anonymous>" 
"Ops.factor" "==" "eval" "evalq" "doTryCatch" "tryCatchOne" "tryCatchList" "doTryCatch" "tryCatchOne" "tryCatchList" "tryCatch" ".Call" "filter_impl" "filter_.tbl_df" "filter_" "filter" "eval" "eval" "withVisible" "withCallingHandlers" "handle" "evaluate_call" "<Anonymous>" "in_dir" "block_exec" "call_block" "process_group.block" "process_group" "withCallingHandlers" "process_file" "<Anonymous>" "<Anonymous>" 
"Ops.factor" "==" "eval" "evalq" "doTryCatch" "tryCatchOne" "tryCatchList" "doTryCatch" "tryCatchOne" "tryCatchList" "tryCatch" ".Call" "filter_impl" "filter_.tbl_df" "filter_" "filter" "eval" "eval" "withVisible" "withCallingHandlers" "handle" "evaluate_call" "<Anonymous>" "in_dir" "block_exec" "call_block" "process_group.block" "process_group" "withCallingHandlers" "process_file" "<Anonymous>" "<Anonymous>" 
"NextMethod" "Ops.factor" "==" "eval" "evalq" "doTryCatch" "tryCatchOne" "tryCatchList" "doTryCatch" "tryCatchOne" "tryCatchList" "tryCatch" ".Call" "filter_impl" "filter_.tbl_df" "filter_" "filter" "arrange_" "arrange" "filter_" "filter" "filter_" "filter" "eval" "eval" "withVisible" "withCallingHandlers" "handle" "evaluate_call" "<Anonymous>" "in_dir" "block_exec" "call_block" "process_group.block" "process_group" "withCallingHandlers" "process_file" "<Anonymous>" "<Anonymous>" 
"<Anonymous>" "parse_only" "tidy_block" "<Anonymous>" "do.call" "doTryCatch" "tryCatchOne" "tryCatchList" "tryCatch" "try" "try_silent" "block_exec" "call_block" "process_group.block" "process_group" "withCallingHandlers" "process_file" "<Anonymous>" "<Anonymous>" 
".Call" "arrange_impl" "arrange_.tbl_df" "arrange_" "arrange" "<Anonymous>" "freduce" "_fseq" "eval" "eval" "withVisible" "%>%" "eval" "eval" "withVisible" "withCallingHandlers" "handle" "evaluate_call" "<Anonymous>" "in_dir" "block_exec" "call_block" "process_group.block" "process_group" "withCallingHandlers" "process_file" "<Anonymous>" "<Anonymous>" 
"setwd" "in_dir" "block_exec" "call_block" "process_group.block" "process_group" "withCallingHandlers" "process_file" "<Anonymous>" "<Anonymous>" 
"readLines" "<Anonymous>" "do.call" "doTryCatch" "tryCatchOne" "tryCatchList" "tryCatch" "try" "try_silent" "block_exec" "call_block" "process_group.block" "process_group" "withCallingHandlers" "process_file" "<Anonymous>" "<Anonymous>" 
"grepl" "eval" "evalq" "doTryCatch" "tryCatchOne" "tryCatchList" "doTryCatch" "tryCatchOne" "tryCatchList" "tryCatch" ".Call" "summarise_impl" "summarise_.tbl_df" "summarise_" "summarise" "<Anonymous>" "withVisible" "freduce" "_fseq" "eval" "eval" "withVisible" "%>%" "eval" "eval" "withVisible" "withCallingHandlers" "handle" "evaluate_call" "<Anonymous>" "in_dir" "block_exec" "call_block" "process_group.block" "process_group" "withCallingHandlers" "process_file" "<Anonymous>" "<Anonymous>" 
"grepl" "eval" "evalq" "doTryCatch" "tryCatchOne" "tryCatchList" "doTryCatch" "tryCatchOne" "tryCatchList" "tryCatch" ".Call" "summarise_impl" "summarise_.tbl_df" "summarise_" "summarise" "<Anonymous>" "withVisible" "freduce" "_fseq" "eval" "eval" "withVisible" "%>%" "eval" "eval" "withVisible" "withCallingHandlers" "handle" "evaluate_call" "<Anonymous>" "in_dir" "block_exec" "call_block" "process_group.block" "process_group" "withCallingHandlers" "process_file" "<Anonymous>" "<Anonymous>" 
"grepl" "eval" "evalq" "doTryCatch" "tryCatchOne" "tryCatchList" "doTryCatch" "tryCatchOne" "tryCatchList" "tryCatch" ".Call" "summarise_impl" "summarise_.tbl_df" "summarise_" "summarise" "<Anonymous>" "withVisible" "freduce" "_fseq" "eval" "eval" "withVisible" "%>%" "eval" "eval" "withVisible" "withCallingHandlers" "handle" "evaluate_call" "<Anonymous>" "in_dir" "block_exec" "call_block" "process_group.block" "process_group" "withCallingHandlers" "process_file" "<Anonymous>" "<Anonymous>" 
"grepl" "eval" "evalq" "doTryCatch" "tryCatchOne" "tryCatchList" "doTryCatch" "tryCatchOne" "tryCatchList" "tryCatch" ".Call" "summarise_impl" "summarise_.tbl_df" "summarise_" "summarise" "<Anonymous>" "withVisible" "freduce" "_fseq" "eval" "eval" "withVisible" "%>%" "eval" "eval" "withVisible" "withCallingHandlers" "handle" "evaluate_call" "<Anonymous>" "in_dir" "block_exec" "call_block" "process_group.block" "process_group" "withCallingHandlers" "process_file" "<Anonymous>" "<Anonymous>" 
"grepl" "eval" "evalq" "doTryCatch" "tryCatchOne" "tryCatchList" "doTryCatch" "tryCatchOne" "tryCatchList" "tryCatch" ".Call" "summarise_impl" "summarise_.tbl_df" "summarise_" "summarise" "<Anonymous>" "withVisible" "freduce" "_fseq" "eval" "eval" "withVisible" "%>%" "eval" "eval" "withVisible" "withCallingHandlers" "handle" "evaluate_call" "<Anonymous>" "in_dir" "block_exec" "call_block" "process_group.block" "process_group" "withCallingHandlers" "process_file" "<Anonymous>" "<Anonymous>" 
"grepl" "eval" "evalq" "doTryCatch" "tryCatchOne" "tryCatchList" "doTryCatch" "tryCatchOne" "tryCatchList" "tryCatch" ".Call" "summarise_impl" "summarise_.tbl_df" "summarise_" "summarise" "<Anonymous>" "withVisible" "freduce" "_fseq" "eval" "eval" "withVisible" "%>%" "eval" "eval" "withVisible" "withCallingHandlers" "handle" "evaluate_call" "<Anonymous>" "in_dir" "block_exec" "call_block" "process_group.block" "process_group" "withCallingHandlers" "process_file" "<Anonymous>" "<Anonymous>" 
"grepl" "eval" "evalq" "doTryCatch" "tryCatchOne" "tryCatchList" "doTryCatch" "tryCatchOne" "tryCatchList" "tryCatch" ".Call" "summarise_impl" "summarise_.tbl_df" "summarise_" "summarise" "<Anonymous>" "withVisible" "freduce" "_fseq" "eval" "eval" "withVisible" "%>%" "eval" "eval" "withVisible" "withCallingHandlers" "handle" "evaluate_call" "<Anonymous>" "in_dir" "block_exec" "call_block" "process_group.block" "process_group" "withCallingHandlers" "process_file" "<Anonymous>" "<Anonymous>" 
"grepl" "eval" "evalq" "doTryCatch" "tryCatchOne" "tryCatchList" "doTryCatch" "tryCatchOne" "tryCatchList" "tryCatch" ".Call" "summarise_impl" "summarise_.tbl_df" "summarise_" "summarise" "<Anonymous>" "withVisible" "freduce" "_fseq" "eval" "eval" "withVisible" "%>%" "eval" "eval" "withVisible" "withCallingHandlers" "handle" "evaluate_call" "<Anonymous>" "in_dir" "block_exec" "call_block" "process_group.block" "process_group" "withCallingHandlers" "process_file" "<Anonymous>" "<Anonymous>" 
"grepl" "eval" "evalq" "doTryCatch" "tryCatchOne" "tryCatchList" "doTryCatch" "tryCatchOne" "tryCatchList" "tryCatch" ".Call" "summarise_impl" "summarise_.tbl_df" "summarise_" "summarise" "<Anonymous>" "withVisible" "freduce" "_fseq" "eval" "eval" "withVisible" "%>%" "eval" "eval" "withVisible" "withCallingHandlers" "handle" "evaluate_call" "<Anonymous>" "in_dir" "block_exec" "call_block" "process_group.block" "process_group" "withCallingHandlers" "process_file" "<Anonymous>" "<Anonymous>" 
"grepl" "eval" "evalq" "doTryCatch" "tryCatchOne" "tryCatchList" "doTryCatch" "tryCatchOne" "tryCatchList" "tryCatch" ".Call" "summarise_impl" "summarise_.tbl_df" "summarise_" "summarise" "<Anonymous>" "withVisible" "freduce" "_fseq" "eval" "eval" "withVisible" "%>%" "eval" "eval" "withVisible" "withCallingHandlers" "handle" "evaluate_call" "<Anonymous>" "in_dir" "block_exec" "call_block" "process_group.block" "process_group" "withCallingHandlers" "process_file" "<Anonymous>" "<Anonymous>" 
"grepl" "eval" "evalq" "doTryCatch" "tryCatchOne" "tryCatchList" "doTryCatch" "tryCatchOne" "tryCatchList" "tryCatch" ".Call" "summarise_impl" "summarise_.tbl_df" "summarise_" "summarise" "<Anonymous>" "withVisible" "freduce" "_fseq" "eval" "eval" "withVisible" "%>%" "eval" "eval" "withVisible" "withCallingHandlers" "handle" "evaluate_call" "<Anonymous>" "in_dir" "block_exec" "call_block" "process_group.block" "process_group" "withCallingHandlers" "process_file" "<Anonymous>" "<Anonymous>" 
"grepl" "mean" "eval" "evalq" "doTryCatch" "tryCatchOne" "tryCatchList" "doTryCatch" "tryCatchOne" "tryCatchList" "tryCatch" ".Call" "summarise_impl" "summarise_.tbl_df" "summarise_" "summarise" "<Anonymous>" "withVisible" "freduce" "_fseq" "eval" "eval" "withVisible" "%>%" "eval" "eval" "withVisible" "withCallingHandlers" "handle" "evaluate_call" "<Anonymous>" "in_dir" "block_exec" "call_block" "process_group.block" "process_group" "withCallingHandlers" "process_file" "<Anonymous>" "<Anonymous>" 
"grepl" "mean" "eval" "evalq" "doTryCatch" "tryCatchOne" "tryCatchList" "doTryCatch" "tryCatchOne" "tryCatchList" "tryCatch" ".Call" "summarise_impl" "summarise_.tbl_df" "summarise_" "summarise" "<Anonymous>" "withVisible" "freduce" "_fseq" "eval" "eval" "withVisible" "%>%" "eval" "eval" "withVisible" "withCallingHandlers" "handle" "evaluate_call" "<Anonymous>" "in_dir" "block_exec" "call_block" "process_group.block" "process_group" "withCallingHandlers" "process_file" "<Anonymous>" "<Anonymous>" 
"grepl" "mean" "eval" "evalq" "doTryCatch" "tryCatchOne" "tryCatchList" "doTryCatch" "tryCatchOne" "tryCatchList" "tryCatch" ".Call" "summarise_impl" "summarise_.tbl_df" "summarise_" "summarise" "<Anonymous>" "withVisible" "freduce" "_fseq" "eval" "eval" "withVisible" "%>%" "eval" "eval" "withVisible" "withCallingHandlers" "handle" "evaluate_call" "<Anonymous>" "in_dir" "block_exec" "call_block" "process_group.block" "process_group" "withCallingHandlers" "process_file" "<Anonymous>" "<Anonymous>" 
"grepl" "mean" "eval" "evalq" "doTryCatch" "tryCatchOne" "tryCatchList" "doTryCatch" "tryCatchOne" "tryCatchList" "tryCatch" ".Call" "summarise_impl" "summarise_.tbl_df" "summarise_" "summarise" "<Anonymous>" "withVisible" "freduce" "_fseq" "eval" "eval" "withVisible" "%>%" "eval" "eval" "withVisible" "withCallingHandlers" "handle" "evaluate_call" "<Anonymous>" "in_dir" "block_exec" "call_block" "process_group.block" "process_group" "withCallingHandlers" "process_file" "<Anonymous>" "<Anonymous>" 
"grepl" "mean" "eval" "evalq" "doTryCatch" "tryCatchOne" "tryCatchList" "doTryCatch" "tryCatchOne" "tryCatchList" "tryCatch" ".Call" "summarise_impl" "summarise_.tbl_df" "summarise_" "summarise" "<Anonymous>" "withVisible" "freduce" "_fseq" "eval" "eval" "withVisible" "%>%" "eval" "eval" "withVisible" "withCallingHandlers" "handle" "evaluate_call" "<Anonymous>" "in_dir" "block_exec" "call_block" "process_group.block" "process_group" "withCallingHandlers" "process_file" "<Anonymous>" "<Anonymous>" 
"grepl" "mean" "eval" "evalq" "doTryCatch" "tryCatchOne" "tryCatchList" "doTryCatch" "tryCatchOne" "tryCatchList" "tryCatch" ".Call" "summarise_impl" "summarise_.tbl_df" "summarise_" "summarise" "<Anonymous>" "withVisible" "freduce" "_fseq" "eval" "eval" "withVisible" "%>%" "eval" "eval" "withVisible" "withCallingHandlers" "handle" "evaluate_call" "<Anonymous>" "in_dir" "block_exec" "call_block" "process_group.block" "process_group" "withCallingHandlers" "process_file" "<Anonymous>" "<Anonymous>" 
"grepl" "mean" "eval" "evalq" "doTryCatch" "tryCatchOne" "tryCatchList" "doTryCatch" "tryCatchOne" "tryCatchList" "tryCatch" ".Call" "summarise_impl" "summarise_.tbl_df" "summarise_" "summarise" "<Anonymous>" "withVisible" "freduce" "_fseq" "eval" "eval" "withVisible" "%>%" "eval" "eval" "withVisible" "withCallingHandlers" "handle" "evaluate_call" "<Anonymous>" "in_dir" "block_exec" "call_block" "process_group.block" "process_group" "withCallingHandlers" "process_file" "<Anonymous>" "<Anonymous>" 
"grepl" "mean" "eval" "evalq" "doTryCatch" "tryCatchOne" "tryCatchList" "doTryCatch" "tryCatchOne" "tryCatchList" "tryCatch" ".Call" "summarise_impl" "summarise_.tbl_df" "summarise_" "summarise" "<Anonymous>" "withVisible" "freduce" "_fseq" "eval" "eval" "withVisible" "%>%" "eval" "eval" "withVisible" "withCallingHandlers" "handle" "evaluate_call" "<Anonymous>" "in_dir" "block_exec" "call_block" "process_group.block" "process_group" "withCallingHandlers" "process_file" "<Anonymous>" "<Anonymous>" 
"grepl" "mean" "eval" "evalq" "doTryCatch" "tryCatchOne" "tryCatchList" "doTryCatch" "tryCatchOne" "tryCatchList" "tryCatch" ".Call" "summarise_impl" "summarise_.tbl_df" "summarise_" "summarise" "<Anonymous>" "withVisible" "freduce" "_fseq" "eval" "eval" "withVisible" "%>%" "eval" "eval" "withVisible" "withCallingHandlers" "handle" "evaluate_call" "<Anonymous>" "in_dir" "block_exec" "call_block" "process_group.block" "process_group" "withCallingHandlers" "process_file" "<Anonymous>" "<Anonymous>" 
"grepl" "mean" "eval" "evalq" "doTryCatch" "tryCatchOne" "tryCatchList" "doTryCatch" "tryCatchOne" "tryCatchList" "tryCatch" ".Call" "summarise_impl" "summarise_.tbl_df" "summarise_" "summarise" "<Anonymous>" "withVisible" "freduce" "_fseq" "eval" "eval" "withVisible" "%>%" "eval" "eval" "withVisible" "withCallingHandlers" "handle" "evaluate_call" "<Anonymous>" "in_dir" "block_exec" "call_block" "process_group.block" "process_group" "withCallingHandlers" "process_file" "<Anonymous>" "<Anonymous>" 
"grepl" "mean" "eval" "evalq" "doTryCatch" "tryCatchOne" "tryCatchList" "doTryCatch" "tryCatchOne" "tryCatchList" "tryCatch" ".Call" "summarise_impl" "summarise_.tbl_df" "summarise_" "summarise" "<Anonymous>" "withVisible" "freduce" "_fseq" "eval" "eval" "withVisible" "%>%" "eval" "eval" "withVisible" "withCallingHandlers" "handle" "evaluate_call" "<Anonymous>" "in_dir" "block_exec" "call_block" "process_group.block" "process_group" "withCallingHandlers" "process_file" "<Anonymous>" "<Anonymous>" 
"is.na" "Ops.factor" "==" "eval" "evalq" "doTryCatch" "tryCatchOne" "tryCatchList" "doTryCatch" "tryCatchOne" "tryCatchList" "tryCatch" ".Call" "filter_impl" "filter_.tbl_df" "filter_" "filter" "<Anonymous>" "freduce" "_fseq" "eval" "eval" "withVisible" "%>%" "eval" "eval" "withVisible" "withCallingHandlers" "handle" "evaluate_call" "<Anonymous>" "in_dir" "block_exec" "call_block" "process_group.block" "process_group" "withCallingHandlers" "process_file" "<Anonymous>" "<Anonymous>" 
".Call" "grouped_df_impl" "grouped_df" "group_by_.data.frame" "group_by_" "group_by" "<Anonymous>" "freduce" "_fseq" "eval" "eval" "withVisible" "%>%" "eval" "eval" "withVisible" "withCallingHandlers" "handle" "evaluate_call" "<Anonymous>" "in_dir" "block_exec" "call_block" "process_group.block" "process_group" "withCallingHandlers" "process_file" "<Anonymous>" "<Anonymous>" 
"NextMethod" "Ops.factor" "==" "eval" "evalq" "doTryCatch" "tryCatchOne" "tryCatchList" "doTryCatch" "tryCatchOne" "tryCatchList" "tryCatch" ".Call" "filter_impl" "filter_.tbl_df" "filter_" "filter" "<Anonymous>" "freduce" "_fseq" "eval" "eval" "withVisible" "%>%" "eval" "eval" "withVisible" "withCallingHandlers" "handle" "evaluate_call" "<Anonymous>" "in_dir" "block_exec" "call_block" "process_group.block" "process_group" "withCallingHandlers" "process_file" "<Anonymous>" "<Anonymous>" 
"setwd" "in_dir" "block_exec" "call_block" "process_group.block" "process_group" "withCallingHandlers" "process_file" "<Anonymous>" "<Anonymous>" 
"<Anonymous>" "handle_output" "evaluate_call" "<Anonymous>" "in_dir" "block_exec" "call_block" "process_group.block" "process_group" "withCallingHandlers" "process_file" "<Anonymous>" "<Anonymous>" 
